Using pre-set license
Built from '2022.3/staging' branch; Version is '2022.3.19f1 (244b723c30a6) revision 2378610'; Using compiler version '192829333'; Build Type 'Release'
OS: 'Windows 10  (10.0.19045) 64bit Professional' Language: 'en' Physical Memory: 24518 MB
BatchMode: 1, IsHumanControllingUs: 0, StartBugReporterOnCrash: 0, Is64bit: 1, IsPro: 1

COMMAND LINE ARGUMENTS:
C:\Program Files\Unity\Hub\Editor\2022.3.19f1\Editor\Unity.exe
-adb2
-batchMode
-noUpm
-name
AssetImportWorker11
-projectPath
C:/Users/Enzo/Documents/GitHub/MegamanRemix
-logFile
Logs/AssetImportWorker11.log
-srvPort
53427
Successfully changed project path to: C:/Users/Enzo/Documents/GitHub/MegamanRemix
C:/Users/Enzo/Documents/GitHub/MegamanRemix
[UnityMemory] Configuration Parameters - Can be set up in boot.config
    "memorysetup-bucket-allocator-granularity=16"
    "memorysetup-bucket-allocator-bucket-count=8"
    "memorysetup-bucket-allocator-block-size=33554432"
    "memorysetup-bucket-allocator-block-count=8"
    "memorysetup-main-allocator-block-size=16777216"
    "memorysetup-thread-allocator-block-size=16777216"
    "memorysetup-gfx-main-allocator-block-size=16777216"
    "memorysetup-gfx-thread-allocator-block-size=16777216"
    "memorysetup-cache-allocator-block-size=4194304"
    "memorysetup-typetree-allocator-block-size=2097152"
    "memorysetup-profiler-bucket-allocator-granularity=16"
    "memorysetup-profiler-bucket-allocator-bucket-count=8"
    "memorysetup-profiler-bucket-allocator-block-size=33554432"
    "memorysetup-profiler-bucket-allocator-block-count=8"
    "memorysetup-profiler-allocator-block-size=16777216"
    "memorysetup-profiler-editor-allocator-block-size=1048576"
    "memorysetup-temp-allocator-size-main=16777216"
    "memorysetup-job-temp-allocator-block-size=2097152"
    "memorysetup-job-temp-allocator-block-size-background=1048576"
    "memorysetup-job-temp-allocator-reduction-small-platforms=262144"
    "memorysetup-allocator-temp-initial-block-size-main=262144"
    "memorysetup-allocator-temp-initial-block-size-worker=262144"
    "memorysetup-temp-allocator-size-background-worker=32768"
    "memorysetup-temp-allocator-size-job-worker=262144"
    "memorysetup-temp-allocator-size-preload-manager=33554432"
    "memorysetup-temp-allocator-size-nav-mesh-worker=65536"
    "memorysetup-temp-allocator-size-audio-worker=65536"
    "memorysetup-temp-allocator-size-cloud-worker=32768"
    "memorysetup-temp-allocator-size-gi-baking-worker=262144"
    "memorysetup-temp-allocator-size-gfx=262144"
Player connection [25808] Host "[IP] 192.168.15.9 [Port] 0 [Flags] 2 [Guid] 4087882562 [EditorId] 4087882562 [Version] 1048832 [Id] WindowsEditor(7,DESKTOP-TSGC8DB) [Debug] 1 [PackageName] WindowsEditor [ProjectName] Editor" joined multi-casting on [225.0.0.222:54997]...

Player connection [25808] Host "[IP] 192.168.15.9 [Port] 0 [Flags] 2 [Guid] 4087882562 [EditorId] 4087882562 [Version] 1048832 [Id] WindowsEditor(7,DESKTOP-TSGC8DB) [Debug] 1 [PackageName] WindowsEditor [ProjectName] Editor" joined alternative multi-casting on [225.0.0.222:34997]...

[Physics::Module] Initialized MultithreadedJobDispatcher with 5 workers.
Refreshing native plugins compatible for Editor in 5.38 ms, found 0 plugins.
Preloading 0 native plugins for Editor in 0.00 ms.
Initialize engine version: 2022.3.19f1 (244b723c30a6)
[Subsystems] Discovering subsystems at path C:/Program Files/Unity/Hub/Editor/2022.3.19f1/Editor/Data/Resources/UnitySubsystems
[Subsystems] Discovering subsystems at path C:/Users/Enzo/Documents/GitHub/MegamanRemix/Assets
GfxDevice: creating device client; threaded=0; jobified=0
Direct3D:
    Version:  Direct3D 11.0 [level 11.1]
    Renderer: NVIDIA GeForce RTX 2060 (ID=0x1e89)
    Vendor:   NVIDIA
    VRAM:     5945 MB
    Driver:   32.0.15.6094
Initialize mono
Mono path[0] = 'C:/Program Files/Unity/Hub/Editor/2022.3.19f1/Editor/Data/Managed'
Mono path[1] = 'C:/Program Files/Unity/Hub/Editor/2022.3.19f1/Editor/Data/MonoBleedingEdge/lib/mono/unityjit-win32'
Mono config path = 'C:/Program Files/Unity/Hub/Editor/2022.3.19f1/Editor/Data/MonoBleedingEdge/etc'
Using monoOptions --debugger-agent=transport=dt_socket,embedding=1,server=y,suspend=n,address=127.0.0.1:56904
Begin MonoManager ReloadAssembly
Registering precompiled unity dll's ...
Register platform support module: C:/Program Files/Unity/Hub/Editor/2022.3.19f1/Editor/Data/PlaybackEngines/WindowsStandaloneSupport/UnityEditor.WindowsStandalone.Extensions.dll
Registered in 0.009987 seconds.
- Loaded All Assemblies, in  0.374 seconds
Native extension for WindowsStandalone target not found
Mono: successfully reloaded assembly
- Finished resetting the current domain, in  0.244 seconds
Domain Reload Profiling: 616ms
	BeginReloadAssembly (135ms)
		ExecutionOrderSort (0ms)
		DisableScriptedObjects (0ms)
		BackupInstance (0ms)
		ReleaseScriptingObjects (0ms)
		CreateAndSetChildDomain (1ms)
	RebuildCommonClasses (32ms)
	RebuildNativeTypeToScriptingClass (11ms)
	initialDomainReloadingComplete (60ms)
	LoadAllAssembliesAndSetupDomain (134ms)
		LoadAssemblies (131ms)
		RebuildTransferFunctionScriptingTraits (0ms)
		AnalyzeDomain (132ms)
			TypeCache.Refresh (131ms)
				TypeCache.ScanAssembly (118ms)
			ScanForSourceGeneratedMonoScriptInfo (0ms)
			ResolveRequiredComponents (0ms)
	FinalizeReload (244ms)
		ReleaseScriptCaches (0ms)
		RebuildScriptCaches (0ms)
		SetupLoadedEditorAssemblies (191ms)
			LogAssemblyErrors (0ms)
			InitializePlatformSupportModulesInManaged (9ms)
			SetLoadedEditorAssemblies (6ms)
			RefreshPlugins (0ms)
			BeforeProcessingInitializeOnLoad (2ms)
			ProcessInitializeOnLoadAttributes (131ms)
			ProcessInitializeOnLoadMethodAttributes (42ms)
			AfterProcessingInitializeOnLoad (0ms)
			EditorAssembliesLoaded (0ms)
		ExecutionOrderSort2 (0ms)
		AwakeInstancesAfterBackupRestoration (0ms)
========================================================================
Worker process is ready to serve import requests
Begin MonoManager ReloadAssembly
- Loaded All Assemblies, in  0.398 seconds
Refreshing native plugins compatible for Editor in 1.89 ms, found 0 plugins.
Native extension for WindowsStandalone target not found
Mono: successfully reloaded assembly
- Finished resetting the current domain, in  0.377 seconds
Domain Reload Profiling: 773ms
	BeginReloadAssembly (147ms)
		ExecutionOrderSort (0ms)
		DisableScriptedObjects (5ms)
		BackupInstance (0ms)
		ReleaseScriptingObjects (0ms)
		CreateAndSetChildDomain (21ms)
	RebuildCommonClasses (32ms)
	RebuildNativeTypeToScriptingClass (10ms)
	initialDomainReloadingComplete (40ms)
	LoadAllAssembliesAndSetupDomain (165ms)
		LoadAssemblies (201ms)
		RebuildTransferFunctionScriptingTraits (0ms)
		AnalyzeDomain (51ms)
			TypeCache.Refresh (43ms)
				TypeCache.ScanAssembly (34ms)
			ScanForSourceGeneratedMonoScriptInfo (6ms)
			ResolveRequiredComponents (2ms)
	FinalizeReload (378ms)
		ReleaseScriptCaches (0ms)
		RebuildScriptCaches (0ms)
		SetupLoadedEditorAssemblies (234ms)
			LogAssemblyErrors (0ms)
			InitializePlatformSupportModulesInManaged (6ms)
			SetLoadedEditorAssemblies (2ms)
			RefreshPlugins (0ms)
			BeforeProcessingInitializeOnLoad (48ms)
			ProcessInitializeOnLoadAttributes (145ms)
			ProcessInitializeOnLoadMethodAttributes (25ms)
			AfterProcessingInitializeOnLoad (8ms)
			EditorAssembliesLoaded (0ms)
		ExecutionOrderSort2 (0ms)
		AwakeInstancesAfterBackupRestoration (5ms)
Launched and connected shader compiler UnityShaderCompiler.exe after 0.04 seconds
Refreshing native plugins compatible for Editor in 2.08 ms, found 0 plugins.
Preloading 0 native plugins for Editor in 0.00 ms.
Unloading 1165 Unused Serialized files (Serialized files now loaded: 0)
Unloading 28 unused Assets / (56.6 KB). Loaded Objects now: 1635.
Memory consumption went from 78.8 MB to 78.7 MB.
Total: 2.294700 ms (FindLiveObjects: 0.123000 ms CreateObjectMapping: 0.040100 ms MarkObjects: 2.045700 ms  DeleteObjects: 0.084800 ms)

AssetImportParameters requested are different than current active one (requested -> active):
  custom:video-encoder-webm-vp8: eb34c28f22e8b96e1ab97ce403110664 -> 
  custom:video-decoder-webm-vp8: 9c59270c3fd7afecdb556c50c9e8de78 -> 
  custom:audio-decoder-ogg-vorbis: bf7c407c2cedff20999df2af8eb42d56 -> 
  custom:SearchIndexIgnoredProperties: e643bd26f0fe6173181afceb89e7c659 -> 
  custom:container-demuxer-ogg: 62fdf1f143b41e24485cea50d1cbac27 -> 
  custom:AudioImporter_EditorPlatform: d09bf68614088b80899f8185d706f6e7 -> 
  custom:CustomObjectIndexerAttribute: 6d391050e5a25f67b0a2c618074f2cd9 -> 
  custom:container-demuxer-webm: 4f35f7cbe854078d1ac9338744f61a02 -> 
  custom:video-decoder-ogg-theora: a1e56fd34408186e4bbccfd4996cb3dc -> 
  custom:audio-encoder-webm-vorbis: bf7c407c2cedff20999df2af8eb42d56 -> 
  custom:framework-win-MediaFoundation: 216162199b28c13a410421893ffa2e32 -> 
  custom:container-muxer-webm: aa71ff27fc2769a1b78a27578f13a17b -> 
========================================================================
Received Import Request.
  Time since last request: 226553.331901 seconds.
  path: Assets/AnimMega/AnimPato/Idle
  artifactKey: Guid(d6acdab03af0deb42897aae770e8669e) Importer(815301076,1909f56bfc062723c751e8b465ee728b)
Start importing Assets/AnimMega/AnimPato/Idle using Guid(d6acdab03af0deb42897aae770e8669e) Importer(815301076,1909f56bfc062723c751e8b465ee728b)  -> (artifact id: '9e83bd8806c8d25c11bbd1b2fec66074') in 0.003079 seconds
Number of updated asset objects reloaded before import = 0
Number of asset objects unloaded after import = 0
========================================================================
Received Import Request.
  Time since last request: 0.045863 seconds.
  path: Assets/AnimMega/AnimPato/Idle/Idle1.png
  artifactKey: Guid(81ffd87bd5b7ec847b91435d3152886e) Importer(815301076,1909f56bfc062723c751e8b465ee728b)
Start importing Assets/AnimMega/AnimPato/Idle/Idle1.png using Guid(81ffd87bd5b7ec847b91435d3152886e) Importer(815301076,1909f56bfc062723c751e8b465ee728b)  -> (artifact id: 'b68f36e7eb64a5bda1d0b1ffbf58cfca') in 0.110469 seconds
Number of updated asset objects reloaded before import = 0
Number of asset objects unloaded after import = 3
========================================================================
Received Import Request.
  Time since last request: 12.355690 seconds.
  path: Assets/AnimMega/AnimPato/Idle/Idle4.png
  artifactKey: Guid(e29a606dedab6934b8c031c8dfdecfe8) Importer(815301076,1909f56bfc062723c751e8b465ee728b)
Start importing Assets/AnimMega/AnimPato/Idle/Idle4.png using Guid(e29a606dedab6934b8c031c8dfdecfe8) Importer(815301076,1909f56bfc062723c751e8b465ee728b)  -> (artifact id: 'a58800b3baaac92fae0f5769d61c6aeb') in 0.015003 seconds
Number of updated asset objects reloaded before import = 0
Number of asset objects unloaded after import = 3
========================================================================
Received Import Request.
  Time since last request: 0.011078 seconds.
  path: Assets/AnimMega/AnimPato/Idle/Idle1.png
  artifactKey: Guid(81ffd87bd5b7ec847b91435d3152886e) Importer(815301076,1909f56bfc062723c751e8b465ee728b)
Start importing Assets/AnimMega/AnimPato/Idle/Idle1.png using Guid(81ffd87bd5b7ec847b91435d3152886e) Importer(815301076,1909f56bfc062723c751e8b465ee728b)  -> (artifact id: '12605c2f1745cd3d2ed7ab257c8b6a08') in 0.016223 seconds
Number of updated asset objects reloaded before import = 0
Number of asset objects unloaded after import = 3
========================================================================
Received Import Request.
  Time since last request: 0.000014 seconds.
  path: Assets/AnimMega/AnimPato/Idle/Idle5.png
  artifactKey: Guid(3159889b24260e9488d1693983a312a9) Importer(815301076,1909f56bfc062723c751e8b465ee728b)
Start importing Assets/AnimMega/AnimPato/Idle/Idle5.png using Guid(3159889b24260e9488d1693983a312a9) Importer(815301076,1909f56bfc062723c751e8b465ee728b)  -> (artifact id: 'c9cd42298d32c762f80f9222c29cb366') in 0.016491 seconds
Number of updated asset objects reloaded before import = 0
Number of asset objects unloaded after import = 3
========================================================================
Received Import Request.
  Time since last request: 21.224033 seconds.
  path: Assets/AnimMega/AnimPato/Idle/Idle.anim
  artifactKey: Guid(9ec3bce57e10ecb4ab054267c779d4d4) Importer(815301076,1909f56bfc062723c751e8b465ee728b)
Start importing Assets/AnimMega/AnimPato/Idle/Idle.anim using Guid(9ec3bce57e10ecb4ab054267c779d4d4) Importer(815301076,1909f56bfc062723c751e8b465ee728b)  -> (artifact id: '04b91940005e8442ff1f2e916cddd2b9') in 0.001219 seconds
Number of updated asset objects reloaded before import = 0
Number of asset objects unloaded after import = 1
========================================================================
Received Import Request.
  Time since last request: 65.035881 seconds.
  path: Assets/AnimMega/AnimPato/Idle/Idle.anim
  artifactKey: Guid(9ec3bce57e10ecb4ab054267c779d4d4) Importer(815301076,1909f56bfc062723c751e8b465ee728b)
Start importing Assets/AnimMega/AnimPato/Idle/Idle.anim using Guid(9ec3bce57e10ecb4ab054267c779d4d4) Importer(815301076,1909f56bfc062723c751e8b465ee728b)  -> (artifact id: '36a8591622438ac58ced759c461a05a7') in 0.001089 seconds
Number of updated asset objects reloaded before import = 0
Number of asset objects unloaded after import = 1
========================================================================
Received Import Request.
  Time since last request: 10.212122 seconds.
  path: Assets/AnimMega/AnimPato/JumpDown
  artifactKey: Guid(865da6752159e8746b455f033729c47e) Importer(815301076,1909f56bfc062723c751e8b465ee728b)
Start importing Assets/AnimMega/AnimPato/JumpDown using Guid(865da6752159e8746b455f033729c47e) Importer(815301076,1909f56bfc062723c751e8b465ee728b)  -> (artifact id: '1408eb608333008d655563475ed3de9a') in 0.000557 seconds
Number of updated asset objects reloaded before import = 0
Number of asset objects unloaded after import = 0
========================================================================
Received Import Request.
  Time since last request: 0.067899 seconds.
  path: Assets/AnimMega/AnimPato/JumpDown/JumpDown1.png
  artifactKey: Guid(6de2dec566a46224ab3ea8d2d85ea5f9) Importer(815301076,1909f56bfc062723c751e8b465ee728b)
Start importing Assets/AnimMega/AnimPato/JumpDown/JumpDown1.png using Guid(6de2dec566a46224ab3ea8d2d85ea5f9) Importer(815301076,1909f56bfc062723c751e8b465ee728b)  -> (artifact id: '75d00a07884960db9088125474c3e07c') in 0.017050 seconds
Number of updated asset objects reloaded before import = 0
Number of asset objects unloaded after import = 3
========================================================================
Received Import Request.
  Time since last request: 0.000022 seconds.
  path: Assets/AnimMega/AnimPato/JumpDown/JumpDown3.png
  artifactKey: Guid(163ac3890cad7024d8ccab3fb1ef9aef) Importer(815301076,1909f56bfc062723c751e8b465ee728b)
Start importing Assets/AnimMega/AnimPato/JumpDown/JumpDown3.png using Guid(163ac3890cad7024d8ccab3fb1ef9aef) Importer(815301076,1909f56bfc062723c751e8b465ee728b)  -> (artifact id: '9dddd444372a4eaf2697108d4e661287') in 0.015414 seconds
Number of updated asset objects reloaded before import = 0
Number of asset objects unloaded after import = 3
========================================================================
Received Import Request.
  Time since last request: 11.211074 seconds.
  path: Assets/AnimMega/AnimPato/JumpDown/JumpDown.anim
  artifactKey: Guid(1c8faa4dae27e6546baffc798f1049ed) Importer(815301076,1909f56bfc062723c751e8b465ee728b)
Start importing Assets/AnimMega/AnimPato/JumpDown/JumpDown.anim using Guid(1c8faa4dae27e6546baffc798f1049ed) Importer(815301076,1909f56bfc062723c751e8b465ee728b)  -> (artifact id: 'bb5bf497cae66440bc3b154d9fda85ae') in 0.001055 seconds
Number of updated asset objects reloaded before import = 0
Number of asset objects unloaded after import = 1
========================================================================
Received Import Request.
  Time since last request: 27.034447 seconds.
  path: Assets/AnimMega/Intro.anim
  artifactKey: Guid(920359546371d7347b2a2d097eeaf465) Importer(815301076,1909f56bfc062723c751e8b465ee728b)
Start importing Assets/AnimMega/Intro.anim using Guid(920359546371d7347b2a2d097eeaf465) Importer(815301076,1909f56bfc062723c751e8b465ee728b)  -> (artifact id: '55541245c0c0850d18f8524f47f56b40') in 0.001226 seconds
Number of updated asset objects reloaded before import = 0
Number of asset objects unloaded after import = 1
========================================================================
Received Import Request.
  Time since last request: 0.571111 seconds.
  path: Assets/AnimMega/Winner.anim
  artifactKey: Guid(3cfd03299cf30464587982d54db9082a) Importer(815301076,1909f56bfc062723c751e8b465ee728b)
Start importing Assets/AnimMega/Winner.anim using Guid(3cfd03299cf30464587982d54db9082a) Importer(815301076,1909f56bfc062723c751e8b465ee728b)  -> (artifact id: 'f8121fbd9e813c354032c6836d7c4ec6') in 0.000957 seconds
Number of updated asset objects reloaded before import = 0
Number of asset objects unloaded after import = 1
========================================================================
Received Import Request.
  Time since last request: 7.581368 seconds.
  path: Assets/AnimMega/AnimPato/JumpFly
  artifactKey: Guid(18972c0b2a7bd50488e735f24ce1a5c1) Importer(815301076,1909f56bfc062723c751e8b465ee728b)
Start importing Assets/AnimMega/AnimPato/JumpFly using Guid(18972c0b2a7bd50488e735f24ce1a5c1) Importer(815301076,1909f56bfc062723c751e8b465ee728b)  -> (artifact id: '5db1ac03da48a22648fe4f636ef11912') in 0.000563 seconds
Number of updated asset objects reloaded before import = 0
Number of asset objects unloaded after import = 0
========================================================================
Received Import Request.
  Time since last request: 0.064646 seconds.
  path: Assets/AnimMega/AnimPato/JumpFly/JumpFly1.png
  artifactKey: Guid(53035a7e3f14dd0448fb5b02efd29377) Importer(815301076,1909f56bfc062723c751e8b465ee728b)
Start importing Assets/AnimMega/AnimPato/JumpFly/JumpFly1.png using Guid(53035a7e3f14dd0448fb5b02efd29377) Importer(815301076,1909f56bfc062723c751e8b465ee728b)  -> (artifact id: '92c2800cf121f11a79029f5ce7433c8f') in 0.013941 seconds
Number of updated asset objects reloaded before import = 0
Number of asset objects unloaded after import = 3
========================================================================
Received Import Request.
  Time since last request: 9.934428 seconds.
  path: Assets/AnimMega/AnimPato/JumpFly/JumpFly.anim
  artifactKey: Guid(3383341faeaf29e408f56136e2c6a749) Importer(815301076,1909f56bfc062723c751e8b465ee728b)
Start importing Assets/AnimMega/AnimPato/JumpFly/JumpFly.anim using Guid(3383341faeaf29e408f56136e2c6a749) Importer(815301076,1909f56bfc062723c751e8b465ee728b)  -> (artifact id: '76d3e51b92fcbbd1626fdbc38adf9c53') in 0.001301 seconds
Number of updated asset objects reloaded before import = 0
Number of asset objects unloaded after import = 1
========================================================================
Received Import Request.
  Time since last request: 7.633901 seconds.
  path: Assets/AnimMega/AnimPato/JumpUp
  artifactKey: Guid(ac3e1dadefaeee8479c9067f47f18e54) Importer(815301076,1909f56bfc062723c751e8b465ee728b)
Start importing Assets/AnimMega/AnimPato/JumpUp using Guid(ac3e1dadefaeee8479c9067f47f18e54) Importer(815301076,1909f56bfc062723c751e8b465ee728b)  -> (artifact id: 'da233f32530aaa632924e58ff1aa56cb') in 0.000395 seconds
Number of updated asset objects reloaded before import = 0
Number of asset objects unloaded after import = 0
========================================================================
Received Import Request.
  Time since last request: 0.120672 seconds.
  path: Assets/AnimMega/AnimPato/JumpUp/JumpFly1.png
  artifactKey: Guid(d59e6b79a1b95274789d2aff931cfeee) Importer(815301076,1909f56bfc062723c751e8b465ee728b)
Start importing Assets/AnimMega/AnimPato/JumpUp/JumpFly1.png using Guid(d59e6b79a1b95274789d2aff931cfeee) Importer(815301076,1909f56bfc062723c751e8b465ee728b)  -> (artifact id: '7d6625590d596e80d07dab800e577895') in 0.013557 seconds
Number of updated asset objects reloaded before import = 0
Number of asset objects unloaded after import = 3
========================================================================
Received Import Request.
  Time since last request: 0.000016 seconds.
  path: Assets/AnimMega/AnimPato/JumpUp/JumpFly3.png
  artifactKey: Guid(bc4f56a58999e784e832576d3f6274a9) Importer(815301076,1909f56bfc062723c751e8b465ee728b)
Start importing Assets/AnimMega/AnimPato/JumpUp/JumpFly3.png using Guid(bc4f56a58999e784e832576d3f6274a9) Importer(815301076,1909f56bfc062723c751e8b465ee728b)  -> (artifact id: '49af431251c60f5b194efaedc45a70ce') in 0.015176 seconds
Number of updated asset objects reloaded before import = 0
Number of asset objects unloaded after import = 3
========================================================================
Received Import Request.
  Time since last request: 15.972587 seconds.
  path: Assets/AnimMega/AnimPato/JumpUp/JumpUp.anim
  artifactKey: Guid(8a0af41ee4618804da78adb3657340c1) Importer(815301076,1909f56bfc062723c751e8b465ee728b)
Start importing Assets/AnimMega/AnimPato/JumpUp/JumpUp.anim using Guid(8a0af41ee4618804da78adb3657340c1) Importer(815301076,1909f56bfc062723c751e8b465ee728b)  -> (artifact id: '59280b535421d7ed5a3520228d152a29') in 0.001033 seconds
Number of updated asset objects reloaded before import = 0
Number of asset objects unloaded after import = 1
========================================================================
Received Import Request.
  Time since last request: 15.275864 seconds.
  path: Assets/AnimMega/AnimPato/Walk
  artifactKey: Guid(01e8b9d00f6439342886f606fdc01211) Importer(815301076,1909f56bfc062723c751e8b465ee728b)
Start importing Assets/AnimMega/AnimPato/Walk using Guid(01e8b9d00f6439342886f606fdc01211) Importer(815301076,1909f56bfc062723c751e8b465ee728b)  -> (artifact id: '48a178e9eeef7ae7b20cc8f8be77d766') in 0.000534 seconds
Number of updated asset objects reloaded before import = 0
Number of asset objects unloaded after import = 0
========================================================================
Received Import Request.
  Time since last request: 0.100587 seconds.
  path: Assets/AnimMega/AnimPato/Walk/Walk1.png
  artifactKey: Guid(d3d13a289c148614dae4981b74f2fca3) Importer(815301076,1909f56bfc062723c751e8b465ee728b)
Start importing Assets/AnimMega/AnimPato/Walk/Walk1.png using Guid(d3d13a289c148614dae4981b74f2fca3) Importer(815301076,1909f56bfc062723c751e8b465ee728b)  -> (artifact id: '3874b4a603989b0ec752271edca07be8') in 0.027271 seconds
Number of updated asset objects reloaded before import = 0
Number of asset objects unloaded after import = 3
========================================================================
Received Import Request.
  Time since last request: 0.000056 seconds.
  path: Assets/AnimMega/AnimPato/Walk/Walk3.png
  artifactKey: Guid(e84ae66d5d8af814c80e6c03e48847da) Importer(815301076,1909f56bfc062723c751e8b465ee728b)
Start importing Assets/AnimMega/AnimPato/Walk/Walk3.png using Guid(e84ae66d5d8af814c80e6c03e48847da) Importer(815301076,1909f56bfc062723c751e8b465ee728b)  -> (artifact id: 'fda0c5e4d42e1ee4b63fe5ed0fe9f4a4') in 0.019265 seconds
Number of updated asset objects reloaded before import = 0
Number of asset objects unloaded after import = 3
========================================================================
Received Import Request.
  Time since last request: 0.001146 seconds.
  path: Assets/AnimMega/AnimPato/Walk/Walk4.png
  artifactKey: Guid(1a6043d600309fa4a80350b5d7d07a31) Importer(815301076,1909f56bfc062723c751e8b465ee728b)
Start importing Assets/AnimMega/AnimPato/Walk/Walk4.png using Guid(1a6043d600309fa4a80350b5d7d07a31) Importer(815301076,1909f56bfc062723c751e8b465ee728b)  -> (artifact id: '485bf27bdd093e2deb7fe04917b0f73d') in 0.024538 seconds
Number of updated asset objects reloaded before import = 0
Number of asset objects unloaded after import = 3
========================================================================
Received Import Request.
  Time since last request: 0.000033 seconds.
  path: Assets/AnimMega/AnimPato/Walk/Walk6.png
  artifactKey: Guid(8a1cf99faaa471f43a43a196f37a6e10) Importer(815301076,1909f56bfc062723c751e8b465ee728b)
Start importing Assets/AnimMega/AnimPato/Walk/Walk6.png using Guid(8a1cf99faaa471f43a43a196f37a6e10) Importer(815301076,1909f56bfc062723c751e8b465ee728b)  -> (artifact id: 'd19820c6e22cf9c319e6c501b86739c0') in 0.021333 seconds
Number of updated asset objects reloaded before import = 0
Number of asset objects unloaded after import = 3
========================================================================
Received Import Request.
  Time since last request: 24.780368 seconds.
  path: Assets/AnimMega/AnimPato/Walk/Walk.anim
  artifactKey: Guid(ace14cee78488c2428de321cafa26a54) Importer(815301076,1909f56bfc062723c751e8b465ee728b)
Start importing Assets/AnimMega/AnimPato/Walk/Walk.anim using Guid(ace14cee78488c2428de321cafa26a54) Importer(815301076,1909f56bfc062723c751e8b465ee728b)  -> (artifact id: '570e67c330631a9c47ad390ba1ea9e95') in 0.001117 seconds
Number of updated asset objects reloaded before import = 0
Number of asset objects unloaded after import = 1
========================================================================
Received Import Request.
  Time since last request: 8.712127 seconds.
  path: Assets/AnimMega/PlayerMM.controller
  artifactKey: Guid(a5441c562df63354998934e68c14a37b) Importer(815301076,1909f56bfc062723c751e8b465ee728b)
Start importing Assets/AnimMega/PlayerMM.controller using Guid(a5441c562df63354998934e68c14a37b) Importer(815301076,1909f56bfc062723c751e8b465ee728b)  -> (artifact id: '91a84a7bd851b47f68666e070ae90b3b') in 0.004317 seconds
Number of updated asset objects reloaded before import = 0
Number of asset objects unloaded after import = 29
========================================================================
Received Import Request.
  Time since last request: 9.109497 seconds.
  path: Assets/AnimMega/AnimPato/JumpFly/JumpFly.anim
  artifactKey: Guid(3383341faeaf29e408f56136e2c6a749) Importer(815301076,1909f56bfc062723c751e8b465ee728b)
Start importing Assets/AnimMega/AnimPato/JumpFly/JumpFly.anim using Guid(3383341faeaf29e408f56136e2c6a749) Importer(815301076,1909f56bfc062723c751e8b465ee728b)  -> (artifact id: 'bcb4a27b4f310f0f68e8003deadbd167') in 0.000974 seconds
Number of updated asset objects reloaded before import = 0
Number of asset objects unloaded after import = 1
========================================================================
Received Prepare
Begin MonoManager ReloadAssembly
- Loaded All Assemblies, in  0.395 seconds
Refreshing native plugins compatible for Editor in 2.44 ms, found 0 plugins.
Native extension for WindowsStandalone target not found
Mono: successfully reloaded assembly
- Finished resetting the current domain, in  0.539 seconds
Domain Reload Profiling: 932ms
	BeginReloadAssembly (175ms)
		ExecutionOrderSort (0ms)
		DisableScriptedObjects (6ms)
		BackupInstance (0ms)
		ReleaseScriptingObjects (0ms)
		CreateAndSetChildDomain (29ms)
	RebuildCommonClasses (35ms)
	RebuildNativeTypeToScriptingClass (11ms)
	initialDomainReloadingComplete (32ms)
	LoadAllAssembliesAndSetupDomain (138ms)
		LoadAssemblies (236ms)
		RebuildTransferFunctionScriptingTraits (0ms)
		AnalyzeDomain (8ms)
			TypeCache.Refresh (4ms)
				TypeCache.ScanAssembly (0ms)
			ScanForSourceGeneratedMonoScriptInfo (0ms)
			ResolveRequiredComponents (3ms)
	FinalizeReload (540ms)
		ReleaseScriptCaches (0ms)
		RebuildScriptCaches (0ms)
		SetupLoadedEditorAssemblies (246ms)
			LogAssemblyErrors (0ms)
			InitializePlatformSupportModulesInManaged (7ms)
			SetLoadedEditorAssemblies (3ms)
			RefreshPlugins (0ms)
			BeforeProcessingInitializeOnLoad (57ms)
			ProcessInitializeOnLoadAttributes (147ms)
			ProcessInitializeOnLoadMethodAttributes (24ms)
			AfterProcessingInitializeOnLoad (9ms)
			EditorAssembliesLoaded (0ms)
		ExecutionOrderSort2 (0ms)
		AwakeInstancesAfterBackupRestoration (6ms)
Refreshing native plugins compatible for Editor in 2.11 ms, found 0 plugins.
Preloading 0 native plugins for Editor in 0.00 ms.
Unloading 1158 Unused Serialized files (Serialized files now loaded: 0)
Unloading 18 unused Assets / (28.5 KB). Loaded Objects now: 1650.
Memory consumption went from 83.8 MB to 83.8 MB.
Total: 2.108000 ms (FindLiveObjects: 0.130800 ms CreateObjectMapping: 0.051600 ms MarkObjects: 1.889300 ms  DeleteObjects: 0.035600 ms)

Prepare: number of updated asset objects reloaded= 0
AssetImportParameters requested are different than current active one (requested -> active):
  custom:video-encoder-webm-vp8: eb34c28f22e8b96e1ab97ce403110664 -> 
  custom:video-decoder-webm-vp8: 9c59270c3fd7afecdb556c50c9e8de78 -> 
  custom:audio-decoder-ogg-vorbis: bf7c407c2cedff20999df2af8eb42d56 -> 
  custom:SearchIndexIgnoredProperties: e643bd26f0fe6173181afceb89e7c659 -> 
  custom:container-demuxer-ogg: 62fdf1f143b41e24485cea50d1cbac27 -> 
  custom:AudioImporter_EditorPlatform: d09bf68614088b80899f8185d706f6e7 -> 
  custom:CustomObjectIndexerAttribute: 6d391050e5a25f67b0a2c618074f2cd9 -> 
  custom:container-demuxer-webm: 4f35f7cbe854078d1ac9338744f61a02 -> 
  custom:video-decoder-ogg-theora: a1e56fd34408186e4bbccfd4996cb3dc -> 
  custom:audio-encoder-webm-vorbis: bf7c407c2cedff20999df2af8eb42d56 -> 
  custom:framework-win-MediaFoundation: 216162199b28c13a410421893ffa2e32 -> 
  custom:container-muxer-webm: aa71ff27fc2769a1b78a27578f13a17b -> 
========================================================================
Received Import Request.
  Time since last request: 53.260649 seconds.
  path: Assets/AnimMega/AnimPato/Idle/Idle4.png
  artifactKey: Guid(e29a606dedab6934b8c031c8dfdecfe8) Importer(815301076,1909f56bfc062723c751e8b465ee728b)
Start importing Assets/AnimMega/AnimPato/Idle/Idle4.png using Guid(e29a606dedab6934b8c031c8dfdecfe8) Importer(815301076,1909f56bfc062723c751e8b465ee728b)  -> (artifact id: '3b29e4ca42a56e19e93944dad7633e9a') in 0.070586 seconds
Number of updated asset objects reloaded before import = 0
Number of asset objects unloaded after import = 3
========================================================================
Received Import Request.
  Time since last request: 0.000017 seconds.
  path: Assets/AnimMega/AnimPato/Idle/Idle5.png
  artifactKey: Guid(3159889b24260e9488d1693983a312a9) Importer(815301076,1909f56bfc062723c751e8b465ee728b)
Start importing Assets/AnimMega/AnimPato/Idle/Idle5.png using Guid(3159889b24260e9488d1693983a312a9) Importer(815301076,1909f56bfc062723c751e8b465ee728b)  -> (artifact id: 'b037cef64ce506cea69aef0d1870d31a') in 0.013950 seconds
Number of updated asset objects reloaded before import = 0
Number of asset objects unloaded after import = 3
========================================================================
Received Import Request.
  Time since last request: 0.000058 seconds.
  path: Assets/AnimMega/AnimPato/Idle/Idle6.png
  artifactKey: Guid(fa81b4b401f0e424791bdf5634aa1a60) Importer(815301076,1909f56bfc062723c751e8b465ee728b)
Start importing Assets/AnimMega/AnimPato/Idle/Idle6.png using Guid(fa81b4b401f0e424791bdf5634aa1a60) Importer(815301076,1909f56bfc062723c751e8b465ee728b)  -> (artifact id: 'b2a8e8e87cd44dcc8746f53f27b3ce3f') in 0.015326 seconds
Number of updated asset objects reloaded before import = 0
Number of asset objects unloaded after import = 3
========================================================================
Received Import Request.
  Time since last request: 0.000017 seconds.
  path: Assets/AnimMega/AnimPato/Idle/Idle2.png
  artifactKey: Guid(4a59a860f3259c34fa5cd26adc9bc4a5) Importer(815301076,1909f56bfc062723c751e8b465ee728b)
Start importing Assets/AnimMega/AnimPato/Idle/Idle2.png using Guid(4a59a860f3259c34fa5cd26adc9bc4a5) Importer(815301076,1909f56bfc062723c751e8b465ee728b)  -> (artifact id: '6a05581047d78ecb4a607d3168fb1c84') in 0.014593 seconds
Number of updated asset objects reloaded before import = 0
Number of asset objects unloaded after import = 3
========================================================================
Received Import Request.
  Time since last request: 0.000018 seconds.
  path: Assets/AnimMega/AnimPato/Idle/Idle3.png
  artifactKey: Guid(c62d0f26419ced240983774ce9c19dd5) Importer(815301076,1909f56bfc062723c751e8b465ee728b)
Start importing Assets/AnimMega/AnimPato/Idle/Idle3.png using Guid(c62d0f26419ced240983774ce9c19dd5) Importer(815301076,1909f56bfc062723c751e8b465ee728b)  -> (artifact id: '6d9df772827d534071ce102bddba3fd2') in 0.013890 seconds
Number of updated asset objects reloaded before import = 0
Number of asset objects unloaded after import = 3
========================================================================
Received Prepare
Begin MonoManager ReloadAssembly
- Loaded All Assemblies, in  0.358 seconds
Refreshing native plugins compatible for Editor in 2.14 ms, found 0 plugins.
Native extension for WindowsStandalone target not found
Mono: successfully reloaded assembly
- Finished resetting the current domain, in  0.515 seconds
Domain Reload Profiling: 871ms
	BeginReloadAssembly (159ms)
		ExecutionOrderSort (0ms)
		DisableScriptedObjects (6ms)
		BackupInstance (0ms)
		ReleaseScriptingObjects (0ms)
		CreateAndSetChildDomain (27ms)
	RebuildCommonClasses (34ms)
	RebuildNativeTypeToScriptingClass (11ms)
	initialDomainReloadingComplete (30ms)
	LoadAllAssembliesAndSetupDomain (121ms)
		LoadAssemblies (208ms)
		RebuildTransferFunctionScriptingTraits (0ms)
		AnalyzeDomain (7ms)
			TypeCache.Refresh (4ms)
				TypeCache.ScanAssembly (0ms)
			ScanForSourceGeneratedMonoScriptInfo (0ms)
			ResolveRequiredComponents (3ms)
	FinalizeReload (516ms)
		ReleaseScriptCaches (0ms)
		RebuildScriptCaches (0ms)
		SetupLoadedEditorAssemblies (248ms)
			LogAssemblyErrors (0ms)
			InitializePlatformSupportModulesInManaged (7ms)
			SetLoadedEditorAssemblies (2ms)
			RefreshPlugins (0ms)
			BeforeProcessingInitializeOnLoad (49ms)
			ProcessInitializeOnLoadAttributes (155ms)
			ProcessInitializeOnLoadMethodAttributes (26ms)
			AfterProcessingInitializeOnLoad (9ms)
			EditorAssembliesLoaded (0ms)
		ExecutionOrderSort2 (0ms)
		AwakeInstancesAfterBackupRestoration (6ms)
Refreshing native plugins compatible for Editor in 1.90 ms, found 0 plugins.
Preloading 0 native plugins for Editor in 0.00 ms.
Unloading 1158 Unused Serialized files (Serialized files now loaded: 0)
Unloading 18 unused Assets / (28.5 KB). Loaded Objects now: 1653.
Memory consumption went from 85.7 MB to 85.7 MB.
Total: 1.864200 ms (FindLiveObjects: 0.108200 ms CreateObjectMapping: 0.033900 ms MarkObjects: 1.691400 ms  DeleteObjects: 0.029700 ms)

Prepare: number of updated asset objects reloaded= 0
AssetImportParameters requested are different than current active one (requested -> active):
  custom:video-encoder-webm-vp8: eb34c28f22e8b96e1ab97ce403110664 -> 
  custom:video-decoder-webm-vp8: 9c59270c3fd7afecdb556c50c9e8de78 -> 
  custom:audio-decoder-ogg-vorbis: bf7c407c2cedff20999df2af8eb42d56 -> 
  custom:SearchIndexIgnoredProperties: e643bd26f0fe6173181afceb89e7c659 -> 
  custom:container-demuxer-ogg: 62fdf1f143b41e24485cea50d1cbac27 -> 
  custom:AudioImporter_EditorPlatform: d09bf68614088b80899f8185d706f6e7 -> 
  custom:CustomObjectIndexerAttribute: 6d391050e5a25f67b0a2c618074f2cd9 -> 
  custom:container-demuxer-webm: 4f35f7cbe854078d1ac9338744f61a02 -> 
  custom:video-decoder-ogg-theora: a1e56fd34408186e4bbccfd4996cb3dc -> 
  custom:audio-encoder-webm-vorbis: bf7c407c2cedff20999df2af8eb42d56 -> 
  custom:framework-win-MediaFoundation: 216162199b28c13a410421893ffa2e32 -> 
  custom:container-muxer-webm: aa71ff27fc2769a1b78a27578f13a17b -> 
========================================================================
Received Import Request.
  Time since last request: 14.909192 seconds.
  path: Assets/AnimMega/AnimPato/Idle/Idle1.png
  artifactKey: Guid(81ffd87bd5b7ec847b91435d3152886e) Importer(815301076,1909f56bfc062723c751e8b465ee728b)
Start importing Assets/AnimMega/AnimPato/Idle/Idle1.png using Guid(81ffd87bd5b7ec847b91435d3152886e) Importer(815301076,1909f56bfc062723c751e8b465ee728b)  -> (artifact id: 'dcb3f9e24a835dad6262439675bba141') in 0.063494 seconds
Number of updated asset objects reloaded before import = 0
Number of asset objects unloaded after import = 3
========================================================================
Received Import Request.
  Time since last request: 0.000016 seconds.
  path: Assets/AnimMega/AnimPato/Idle/Idle5.png
  artifactKey: Guid(3159889b24260e9488d1693983a312a9) Importer(815301076,1909f56bfc062723c751e8b465ee728b)
Start importing Assets/AnimMega/AnimPato/Idle/Idle5.png using Guid(3159889b24260e9488d1693983a312a9) Importer(815301076,1909f56bfc062723c751e8b465ee728b)  -> (artifact id: '8bedfa674cabbfc0a7aaec59447c696d') in 0.014061 seconds
Number of updated asset objects reloaded before import = 0
Number of asset objects unloaded after import = 3
========================================================================
Received Prepare
Begin MonoManager ReloadAssembly
- Loaded All Assemblies, in  0.369 seconds
Refreshing native plugins compatible for Editor in 2.42 ms, found 0 plugins.
Native extension for WindowsStandalone target not found
Mono: successfully reloaded assembly
- Finished resetting the current domain, in  0.503 seconds
Domain Reload Profiling: 869ms
	BeginReloadAssembly (163ms)
		ExecutionOrderSort (0ms)
		DisableScriptedObjects (8ms)
		BackupInstance (0ms)
		ReleaseScriptingObjects (0ms)
		CreateAndSetChildDomain (25ms)
	RebuildCommonClasses (33ms)
	RebuildNativeTypeToScriptingClass (11ms)
	initialDomainReloadingComplete (30ms)
	LoadAllAssembliesAndSetupDomain (128ms)
		LoadAssemblies (221ms)
		RebuildTransferFunctionScriptingTraits (0ms)
		AnalyzeDomain (8ms)
			TypeCache.Refresh (5ms)
				TypeCache.ScanAssembly (0ms)
			ScanForSourceGeneratedMonoScriptInfo (0ms)
			ResolveRequiredComponents (2ms)
	FinalizeReload (504ms)
		ReleaseScriptCaches (0ms)
		RebuildScriptCaches (0ms)
		SetupLoadedEditorAssemblies (240ms)
			LogAssemblyErrors (0ms)
			InitializePlatformSupportModulesInManaged (6ms)
			SetLoadedEditorAssemblies (3ms)
			RefreshPlugins (0ms)
			BeforeProcessingInitializeOnLoad (49ms)
			ProcessInitializeOnLoadAttributes (147ms)
			ProcessInitializeOnLoadMethodAttributes (26ms)
			AfterProcessingInitializeOnLoad (9ms)
			EditorAssembliesLoaded (0ms)
		ExecutionOrderSort2 (0ms)
		AwakeInstancesAfterBackupRestoration (6ms)
Refreshing native plugins compatible for Editor in 2.03 ms, found 0 plugins.
Preloading 0 native plugins for Editor in 0.00 ms.
Unloading 1158 Unused Serialized files (Serialized files now loaded: 0)
Unloading 18 unused Assets / (28.5 KB). Loaded Objects now: 1656.
Memory consumption went from 87.7 MB to 87.6 MB.
Total: 2.571300 ms (FindLiveObjects: 0.135800 ms CreateObjectMapping: 0.058200 ms MarkObjects: 2.252800 ms  DeleteObjects: 0.122700 ms)

Prepare: number of updated asset objects reloaded= 0
AssetImportParameters requested are different than current active one (requested -> active):
  custom:video-encoder-webm-vp8: eb34c28f22e8b96e1ab97ce403110664 -> 
  custom:video-decoder-webm-vp8: 9c59270c3fd7afecdb556c50c9e8de78 -> 
  custom:audio-decoder-ogg-vorbis: bf7c407c2cedff20999df2af8eb42d56 -> 
  custom:SearchIndexIgnoredProperties: e643bd26f0fe6173181afceb89e7c659 -> 
  custom:container-demuxer-ogg: 62fdf1f143b41e24485cea50d1cbac27 -> 
  custom:AudioImporter_EditorPlatform: d09bf68614088b80899f8185d706f6e7 -> 
  custom:CustomObjectIndexerAttribute: 6d391050e5a25f67b0a2c618074f2cd9 -> 
  custom:container-demuxer-webm: 4f35f7cbe854078d1ac9338744f61a02 -> 
  custom:video-decoder-ogg-theora: a1e56fd34408186e4bbccfd4996cb3dc -> 
  custom:audio-encoder-webm-vorbis: bf7c407c2cedff20999df2af8eb42d56 -> 
  custom:framework-win-MediaFoundation: 216162199b28c13a410421893ffa2e32 -> 
  custom:container-muxer-webm: aa71ff27fc2769a1b78a27578f13a17b -> 
========================================================================
Received Import Request.
  Time since last request: 38.158117 seconds.
  path: Assets/Prefab/Enemy.prefab
  artifactKey: Guid(d33fd1c7a9ecd094d9ddabb2008b8404) Importer(815301076,1909f56bfc062723c751e8b465ee728b)
Start importing Assets/Prefab/Enemy.prefab using Guid(d33fd1c7a9ecd094d9ddabb2008b8404) Importer(815301076,1909f56bfc062723c751e8b465ee728b)  -> (artifact id: '4f9ec809404ee032a1c0e564b211d364') in 0.103945 seconds
Number of updated asset objects reloaded before import = 0
Number of asset objects unloaded after import = 24
========================================================================
Received Import Request.
  Time since last request: 0.000035 seconds.
  path: Assets/Prefab/PlayerMM.prefab
  artifactKey: Guid(beb33cbb9757ee346b2d0a24573efbef) Importer(815301076,1909f56bfc062723c751e8b465ee728b)
Start importing Assets/Prefab/PlayerMM.prefab using Guid(beb33cbb9757ee346b2d0a24573efbef) Importer(815301076,1909f56bfc062723c751e8b465ee728b)  -> (artifact id: 'd5401c502d6d8e9483c27717686e70cd') in 0.108962 seconds
Number of updated asset objects reloaded before import = 0
Number of asset objects unloaded after import = 86
Editor requested this worker to shutdown with reason: Scaling down because of idle timeout
TcpMessagingSession - receive error: operation aborted. errorcode: 995, details: The I/O operation has been aborted because of either a thread exit or an application request.
AssetImportWorker is now disconnected from the server
Process exiting
Exiting without the bug reporter. Application will terminate with return code 0