Using pre-set license
Built from '2022.3/staging' branch; Version is '2022.3.19f1 (244b723c30a6) revision 2378610'; Using compiler version '192829333'; Build Type 'Release'
OS: 'Windows 10  (10.0.19045) 64bit Professional' Language: 'en' Physical Memory: 24518 MB
BatchMode: 1, IsHumanControllingUs: 0, StartBugReporterOnCrash: 0, Is64bit: 1, IsPro: 1

COMMAND LINE ARGUMENTS:
C:\Program Files\Unity\Hub\Editor\2022.3.19f1\Editor\Unity.exe
-adb2
-batchMode
-noUpm
-name
AssetImportWorker1
-projectPath
C:/Users/Enzo/Documents/GitHub/MegamanRemix
-logFile
Logs/AssetImportWorker1.log
-srvPort
53427
Successfully changed project path to: C:/Users/Enzo/Documents/GitHub/MegamanRemix
C:/Users/Enzo/Documents/GitHub/MegamanRemix
[UnityMemory] Configuration Parameters - Can be set up in boot.config
    "memorysetup-bucket-allocator-granularity=16"
    "memorysetup-bucket-allocator-bucket-count=8"
    "memorysetup-bucket-allocator-block-size=33554432"
    "memorysetup-bucket-allocator-block-count=8"
    "memorysetup-main-allocator-block-size=16777216"
    "memorysetup-thread-allocator-block-size=16777216"
    "memorysetup-gfx-main-allocator-block-size=16777216"
    "memorysetup-gfx-thread-allocator-block-size=16777216"
    "memorysetup-cache-allocator-block-size=4194304"
    "memorysetup-typetree-allocator-block-size=2097152"
    "memorysetup-profiler-bucket-allocator-granularity=16"
    "memorysetup-profiler-bucket-allocator-bucket-count=8"
    "memorysetup-profiler-bucket-allocator-block-size=33554432"
    "memorysetup-profiler-bucket-allocator-block-count=8"
    "memorysetup-profiler-allocator-block-size=16777216"
    "memorysetup-profiler-editor-allocator-block-size=1048576"
    "memorysetup-temp-allocator-size-main=16777216"
    "memorysetup-job-temp-allocator-block-size=2097152"
    "memorysetup-job-temp-allocator-block-size-background=1048576"
    "memorysetup-job-temp-allocator-reduction-small-platforms=262144"
    "memorysetup-allocator-temp-initial-block-size-main=262144"
    "memorysetup-allocator-temp-initial-block-size-worker=262144"
    "memorysetup-temp-allocator-size-background-worker=32768"
    "memorysetup-temp-allocator-size-job-worker=262144"
    "memorysetup-temp-allocator-size-preload-manager=33554432"
    "memorysetup-temp-allocator-size-nav-mesh-worker=65536"
    "memorysetup-temp-allocator-size-audio-worker=65536"
    "memorysetup-temp-allocator-size-cloud-worker=32768"
    "memorysetup-temp-allocator-size-gi-baking-worker=262144"
    "memorysetup-temp-allocator-size-gfx=262144"
Player connection [16924] Host "[IP] 192.168.15.9 [Port] 0 [Flags] 2 [Guid] 569086145 [EditorId] 569086145 [Version] 1048832 [Id] WindowsEditor(7,DESKTOP-TSGC8DB) [Debug] 1 [PackageName] WindowsEditor [ProjectName] Editor" joined multi-casting on [225.0.0.222:54997]...

Player connection [16924] Host "[IP] 192.168.15.9 [Port] 0 [Flags] 2 [Guid] 569086145 [EditorId] 569086145 [Version] 1048832 [Id] WindowsEditor(7,DESKTOP-TSGC8DB) [Debug] 1 [PackageName] WindowsEditor [ProjectName] Editor" joined alternative multi-casting on [225.0.0.222:34997]...

[Physics::Module] Initialized MultithreadedJobDispatcher with 5 workers.
Refreshing native plugins compatible for Editor in 5.30 ms, found 0 plugins.
Preloading 0 native plugins for Editor in 0.00 ms.
Initialize engine version: 2022.3.19f1 (244b723c30a6)
[Subsystems] Discovering subsystems at path C:/Program Files/Unity/Hub/Editor/2022.3.19f1/Editor/Data/Resources/UnitySubsystems
[Subsystems] Discovering subsystems at path C:/Users/Enzo/Documents/GitHub/MegamanRemix/Assets
GfxDevice: creating device client; threaded=0; jobified=0
Direct3D:
    Version:  Direct3D 11.0 [level 11.1]
    Renderer: NVIDIA GeForce RTX 2060 (ID=0x1e89)
    Vendor:   NVIDIA
    VRAM:     5945 MB
    Driver:   32.0.15.6094
Initialize mono
Mono path[0] = 'C:/Program Files/Unity/Hub/Editor/2022.3.19f1/Editor/Data/Managed'
Mono path[1] = 'C:/Program Files/Unity/Hub/Editor/2022.3.19f1/Editor/Data/MonoBleedingEdge/lib/mono/unityjit-win32'
Mono config path = 'C:/Program Files/Unity/Hub/Editor/2022.3.19f1/Editor/Data/MonoBleedingEdge/etc'
Using monoOptions --debugger-agent=transport=dt_socket,embedding=1,server=y,suspend=n,address=127.0.0.1:56012
Begin MonoManager ReloadAssembly
Registering precompiled unity dll's ...
Register platform support module: C:/Program Files/Unity/Hub/Editor/2022.3.19f1/Editor/Data/PlaybackEngines/WindowsStandaloneSupport/UnityEditor.WindowsStandalone.Extensions.dll
Registered in 0.009351 seconds.
- Loaded All Assemblies, in  0.437 seconds
Native extension for WindowsStandalone target not found
Mono: successfully reloaded assembly
- Finished resetting the current domain, in  0.260 seconds
Domain Reload Profiling: 695ms
	BeginReloadAssembly (187ms)
		ExecutionOrderSort (0ms)
		DisableScriptedObjects (0ms)
		BackupInstance (0ms)
		ReleaseScriptingObjects (0ms)
		CreateAndSetChildDomain (1ms)
	RebuildCommonClasses (36ms)
	RebuildNativeTypeToScriptingClass (13ms)
	initialDomainReloadingComplete (60ms)
	LoadAllAssembliesAndSetupDomain (139ms)
		LoadAssemblies (184ms)
		RebuildTransferFunctionScriptingTraits (0ms)
		AnalyzeDomain (137ms)
			TypeCache.Refresh (136ms)
				TypeCache.ScanAssembly (122ms)
			ScanForSourceGeneratedMonoScriptInfo (0ms)
			ResolveRequiredComponents (0ms)
	FinalizeReload (260ms)
		ReleaseScriptCaches (0ms)
		RebuildScriptCaches (0ms)
		SetupLoadedEditorAssemblies (205ms)
			LogAssemblyErrors (0ms)
			InitializePlatformSupportModulesInManaged (9ms)
			SetLoadedEditorAssemblies (6ms)
			RefreshPlugins (0ms)
			BeforeProcessingInitializeOnLoad (2ms)
			ProcessInitializeOnLoadAttributes (143ms)
			ProcessInitializeOnLoadMethodAttributes (45ms)
			AfterProcessingInitializeOnLoad (0ms)
			EditorAssembliesLoaded (0ms)
		ExecutionOrderSort2 (0ms)
		AwakeInstancesAfterBackupRestoration (0ms)
========================================================================
Worker process is ready to serve import requests
Begin MonoManager ReloadAssembly
- Loaded All Assemblies, in  0.550 seconds
Refreshing native plugins compatible for Editor in 2.16 ms, found 0 plugins.
Native extension for WindowsStandalone target not found
Mono: successfully reloaded assembly
- Finished resetting the current domain, in  0.485 seconds
Domain Reload Profiling: 1032ms
	BeginReloadAssembly (192ms)
		ExecutionOrderSort (0ms)
		DisableScriptedObjects (6ms)
		BackupInstance (0ms)
		ReleaseScriptingObjects (0ms)
		CreateAndSetChildDomain (27ms)
	RebuildCommonClasses (40ms)
	RebuildNativeTypeToScriptingClass (12ms)
	initialDomainReloadingComplete (51ms)
	LoadAllAssembliesAndSetupDomain (251ms)
		LoadAssemblies (288ms)
		RebuildTransferFunctionScriptingTraits (0ms)
		AnalyzeDomain (77ms)
			TypeCache.Refresh (66ms)
				TypeCache.ScanAssembly (54ms)
			ScanForSourceGeneratedMonoScriptInfo (8ms)
			ResolveRequiredComponents (2ms)
	FinalizeReload (485ms)
		ReleaseScriptCaches (0ms)
		RebuildScriptCaches (0ms)
		SetupLoadedEditorAssemblies (319ms)
			LogAssemblyErrors (0ms)
			InitializePlatformSupportModulesInManaged (8ms)
			SetLoadedEditorAssemblies (3ms)
			RefreshPlugins (0ms)
			BeforeProcessingInitializeOnLoad (63ms)
			ProcessInitializeOnLoadAttributes (203ms)
			ProcessInitializeOnLoadMethodAttributes (33ms)
			AfterProcessingInitializeOnLoad (10ms)
			EditorAssembliesLoaded (0ms)
		ExecutionOrderSort2 (0ms)
		AwakeInstancesAfterBackupRestoration (7ms)
Launched and connected shader compiler UnityShaderCompiler.exe after 0.06 seconds
Refreshing native plugins compatible for Editor in 12.97 ms, found 0 plugins.
Preloading 0 native plugins for Editor in 0.00 ms.
Unloading 1165 Unused Serialized files (Serialized files now loaded: 0)
Unloading 28 unused Assets / (56.9 KB). Loaded Objects now: 1633.
Memory consumption went from 78.8 MB to 78.7 MB.
Total: 8.511400 ms (FindLiveObjects: 0.236500 ms CreateObjectMapping: 0.079700 ms MarkObjects: 7.074500 ms  DeleteObjects: 1.119100 ms)

AssetImportParameters requested are different than current active one (requested -> active):
  custom:video-encoder-webm-vp8: eb34c28f22e8b96e1ab97ce403110664 -> 
  custom:video-decoder-webm-vp8: 9c59270c3fd7afecdb556c50c9e8de78 -> 
  custom:audio-decoder-ogg-vorbis: bf7c407c2cedff20999df2af8eb42d56 -> 
  custom:SearchIndexIgnoredProperties: e643bd26f0fe6173181afceb89e7c659 -> 
  custom:container-demuxer-ogg: 62fdf1f143b41e24485cea50d1cbac27 -> 
  custom:AudioImporter_EditorPlatform: d09bf68614088b80899f8185d706f6e7 -> 
  custom:CustomObjectIndexerAttribute: 6d391050e5a25f67b0a2c618074f2cd9 -> 
  custom:container-demuxer-webm: 4f35f7cbe854078d1ac9338744f61a02 -> 
  custom:video-decoder-ogg-theora: a1e56fd34408186e4bbccfd4996cb3dc -> 
  custom:audio-encoder-webm-vorbis: bf7c407c2cedff20999df2af8eb42d56 -> 
  custom:framework-win-MediaFoundation: 216162199b28c13a410421893ffa2e32 -> 
  custom:container-muxer-webm: aa71ff27fc2769a1b78a27578f13a17b -> 
========================================================================
Received Import Request.
  Time since last request: 203646.842079 seconds.
  path: Assets/wheel.png
  artifactKey: Guid(90aab2e8a7100c1498de8febb7d59dd4) Importer(815301076,1909f56bfc062723c751e8b465ee728b)
Start importing Assets/wheel.png using Guid(90aab2e8a7100c1498de8febb7d59dd4) Importer(815301076,1909f56bfc062723c751e8b465ee728b)  -> (artifact id: '6f8a346aa206f27d505caa676815666a') in 0.152732 seconds
Number of updated asset objects reloaded before import = 0
Number of asset objects unloaded after import = 3
========================================================================
Received Prepare
Begin MonoManager ReloadAssembly
- Loaded All Assemblies, in  0.358 seconds
Refreshing native plugins compatible for Editor in 2.12 ms, found 0 plugins.
Native extension for WindowsStandalone target not found
Mono: successfully reloaded assembly
- Finished resetting the current domain, in  0.504 seconds
Domain Reload Profiling: 859ms
	BeginReloadAssembly (156ms)
		ExecutionOrderSort (0ms)
		DisableScriptedObjects (7ms)
		BackupInstance (0ms)
		ReleaseScriptingObjects (0ms)
		CreateAndSetChildDomain (25ms)
	RebuildCommonClasses (34ms)
	RebuildNativeTypeToScriptingClass (11ms)
	initialDomainReloadingComplete (31ms)
	LoadAllAssembliesAndSetupDomain (123ms)
		LoadAssemblies (211ms)
		RebuildTransferFunctionScriptingTraits (0ms)
		AnalyzeDomain (7ms)
			TypeCache.Refresh (4ms)
				TypeCache.ScanAssembly (0ms)
			ScanForSourceGeneratedMonoScriptInfo (0ms)
			ResolveRequiredComponents (2ms)
	FinalizeReload (505ms)
		ReleaseScriptCaches (0ms)
		RebuildScriptCaches (0ms)
		SetupLoadedEditorAssemblies (231ms)
			LogAssemblyErrors (0ms)
			InitializePlatformSupportModulesInManaged (6ms)
			SetLoadedEditorAssemblies (2ms)
			RefreshPlugins (0ms)
			BeforeProcessingInitializeOnLoad (49ms)
			ProcessInitializeOnLoadAttributes (141ms)
			ProcessInitializeOnLoadMethodAttributes (23ms)
			AfterProcessingInitializeOnLoad (9ms)
			EditorAssembliesLoaded (0ms)
		ExecutionOrderSort2 (0ms)
		AwakeInstancesAfterBackupRestoration (6ms)
Refreshing native plugins compatible for Editor in 1.89 ms, found 0 plugins.
Preloading 0 native plugins for Editor in 0.00 ms.
Unloading 1158 Unused Serialized files (Serialized files now loaded: 0)
Unloading 18 unused Assets / (28.5 KB). Loaded Objects now: 1642.
Memory consumption went from 83.7 MB to 83.7 MB.
Total: 2.164900 ms (FindLiveObjects: 0.146200 ms CreateObjectMapping: 0.065200 ms MarkObjects: 1.918300 ms  DeleteObjects: 0.034400 ms)

Prepare: number of updated asset objects reloaded= 0
AssetImportParameters requested are different than current active one (requested -> active):
  custom:video-encoder-webm-vp8: eb34c28f22e8b96e1ab97ce403110664 -> 
  custom:video-decoder-webm-vp8: 9c59270c3fd7afecdb556c50c9e8de78 -> 
  custom:audio-decoder-ogg-vorbis: bf7c407c2cedff20999df2af8eb42d56 -> 
  custom:SearchIndexIgnoredProperties: e643bd26f0fe6173181afceb89e7c659 -> 
  custom:container-demuxer-ogg: 62fdf1f143b41e24485cea50d1cbac27 -> 
  custom:AudioImporter_EditorPlatform: d09bf68614088b80899f8185d706f6e7 -> 
  custom:CustomObjectIndexerAttribute: 6d391050e5a25f67b0a2c618074f2cd9 -> 
  custom:container-demuxer-webm: 4f35f7cbe854078d1ac9338744f61a02 -> 
  custom:video-decoder-ogg-theora: a1e56fd34408186e4bbccfd4996cb3dc -> 
  custom:audio-encoder-webm-vorbis: bf7c407c2cedff20999df2af8eb42d56 -> 
  custom:framework-win-MediaFoundation: 216162199b28c13a410421893ffa2e32 -> 
  custom:container-muxer-webm: aa71ff27fc2769a1b78a27578f13a17b -> 
========================================================================
Received Import Request.
  Time since last request: 6764.378217 seconds.
  path: Assets/Tileset/16x16Tiles_1.asset
  artifactKey: Guid(e48ee703878652e47a511ae9a5f060a7) Importer(815301076,1909f56bfc062723c751e8b465ee728b)
Start importing Assets/Tileset/16x16Tiles_1.asset using Guid(e48ee703878652e47a511ae9a5f060a7) Importer(815301076,1909f56bfc062723c751e8b465ee728b)  -> (artifact id: '96583d625526c23b5053200eb69e0658') in 0.126420 seconds
Number of updated asset objects reloaded before import = 0
Number of asset objects unloaded after import = 3
========================================================================
Received Import Request.
  Time since last request: 0.001088 seconds.
  path: Assets/Tileset/16x16Tiles_13.asset
  artifactKey: Guid(f773ff406f2a20d4dbbd285ffedb36bd) Importer(815301076,1909f56bfc062723c751e8b465ee728b)
Start importing Assets/Tileset/16x16Tiles_13.asset using Guid(f773ff406f2a20d4dbbd285ffedb36bd) Importer(815301076,1909f56bfc062723c751e8b465ee728b)  -> (artifact id: 'eab3b253ff2ffa66880ddee3342f3a2d') in 0.010141 seconds
Number of updated asset objects reloaded before import = 0
Number of asset objects unloaded after import = 3
========================================================================
Received Import Request.
  Time since last request: 0.000040 seconds.
  path: Assets/Tileset/16x16Tiles_19.asset
  artifactKey: Guid(840dad9563931674a89b0ebf9e60bd58) Importer(815301076,1909f56bfc062723c751e8b465ee728b)
Start importing Assets/Tileset/16x16Tiles_19.asset using Guid(840dad9563931674a89b0ebf9e60bd58) Importer(815301076,1909f56bfc062723c751e8b465ee728b)  -> (artifact id: 'fff39ee55dd942b54529a234642e2265') in 0.007536 seconds
Number of updated asset objects reloaded before import = 0
Number of asset objects unloaded after import = 3
========================================================================
Received Import Request.
  Time since last request: 0.000013 seconds.
  path: Assets/Tileset/16x16Tiles_18.asset
  artifactKey: Guid(4c52416cd8b726f42bfab953abbd3763) Importer(815301076,1909f56bfc062723c751e8b465ee728b)
Start importing Assets/Tileset/16x16Tiles_18.asset using Guid(4c52416cd8b726f42bfab953abbd3763) Importer(815301076,1909f56bfc062723c751e8b465ee728b)  -> (artifact id: '7ab481aa0e36fc06553f95795a7c1732') in 0.004625 seconds
Number of updated asset objects reloaded before import = 0
Number of asset objects unloaded after import = 3
========================================================================
Received Import Request.
  Time since last request: 0.000012 seconds.
  path: Assets/Tileset/16x16Tiles_26.asset
  artifactKey: Guid(0cccfed4dbdf8564b82d624fafde21be) Importer(815301076,1909f56bfc062723c751e8b465ee728b)
Start importing Assets/Tileset/16x16Tiles_26.asset using Guid(0cccfed4dbdf8564b82d624fafde21be) Importer(815301076,1909f56bfc062723c751e8b465ee728b)  -> (artifact id: 'bb9d55a4b82270be3341b73015e17cda') in 0.008435 seconds
Number of updated asset objects reloaded before import = 0
Number of asset objects unloaded after import = 3
========================================================================
Received Import Request.
  Time since last request: 0.000015 seconds.
  path: Assets/Tileset/16x16Tiles_22.asset
  artifactKey: Guid(6be10324e02b63d449b418f074e946f3) Importer(815301076,1909f56bfc062723c751e8b465ee728b)
Start importing Assets/Tileset/16x16Tiles_22.asset using Guid(6be10324e02b63d449b418f074e946f3) Importer(815301076,1909f56bfc062723c751e8b465ee728b)  -> (artifact id: '3ff86250623330a9e3a89b9f0fca4b58') in 0.005396 seconds
Number of updated asset objects reloaded before import = 0
Number of asset objects unloaded after import = 3
========================================================================
Received Import Request.
  Time since last request: 0.000112 seconds.
  path: Assets/Tileset/16x16Tiles_6.asset
  artifactKey: Guid(e34662e4707f91b409ca054291283a30) Importer(815301076,1909f56bfc062723c751e8b465ee728b)
Start importing Assets/Tileset/16x16Tiles_6.asset using Guid(e34662e4707f91b409ca054291283a30) Importer(815301076,1909f56bfc062723c751e8b465ee728b)  -> (artifact id: '246b1d3e08a2e88f1e290b4f0890b31a') in 0.010103 seconds
Number of updated asset objects reloaded before import = 0
Number of asset objects unloaded after import = 3
========================================================================
Received Import Request.
  Time since last request: 0.000018 seconds.
  path: Assets/Tileset/16x16Tiles_25.asset
  artifactKey: Guid(b4d3183d0e3cdcd4ebf45e571edc7fc9) Importer(815301076,1909f56bfc062723c751e8b465ee728b)
Start importing Assets/Tileset/16x16Tiles_25.asset using Guid(b4d3183d0e3cdcd4ebf45e571edc7fc9) Importer(815301076,1909f56bfc062723c751e8b465ee728b)  -> (artifact id: '0005821688961eee2aade15d95a5038f') in 0.004888 seconds
Number of updated asset objects reloaded before import = 0
Number of asset objects unloaded after import = 3
========================================================================
Received Import Request.
  Time since last request: 0.000019 seconds.
  path: Assets/Tileset/16x16Tiles_33.asset
  artifactKey: Guid(8cefd7d360458c1429ce9ab9d9d319d1) Importer(815301076,1909f56bfc062723c751e8b465ee728b)
Start importing Assets/Tileset/16x16Tiles_33.asset using Guid(8cefd7d360458c1429ce9ab9d9d319d1) Importer(815301076,1909f56bfc062723c751e8b465ee728b)  -> (artifact id: '7d23df541c4c6a8b9daed8742604d428') in 0.006026 seconds
Number of updated asset objects reloaded before import = 0
Number of asset objects unloaded after import = 3
========================================================================
Received Import Request.
  Time since last request: 0.000021 seconds.
  path: Assets/Tileset/16x16Tiles_7.asset
  artifactKey: Guid(f00953bc3b89f394883dde76de728781) Importer(815301076,1909f56bfc062723c751e8b465ee728b)
Start importing Assets/Tileset/16x16Tiles_7.asset using Guid(f00953bc3b89f394883dde76de728781) Importer(815301076,1909f56bfc062723c751e8b465ee728b)  -> (artifact id: '5f0dcea144ce4f1d3a04da97f71f7fb8') in 0.005513 seconds
Number of updated asset objects reloaded before import = 0
Number of asset objects unloaded after import = 3
========================================================================
Received Import Request.
  Time since last request: 0.000170 seconds.
  path: Assets/Tileset/16x16Tiles_37.asset
  artifactKey: Guid(df604de940dfb7d4f9c41ab8f474b04a) Importer(815301076,1909f56bfc062723c751e8b465ee728b)
Start importing Assets/Tileset/16x16Tiles_37.asset using Guid(df604de940dfb7d4f9c41ab8f474b04a) Importer(815301076,1909f56bfc062723c751e8b465ee728b)  -> (artifact id: '796a1d7159fb16bc64f85eef8fb0a1fa') in 0.004783 seconds
Number of updated asset objects reloaded before import = 0
Number of asset objects unloaded after import = 3
========================================================================
Received Import Request.
  Time since last request: 0.000034 seconds.
  path: Assets/Tileset/16x16Tiles_28.asset
  artifactKey: Guid(535608962523ceb4abad8d45ac850dde) Importer(815301076,1909f56bfc062723c751e8b465ee728b)
Start importing Assets/Tileset/16x16Tiles_28.asset using Guid(535608962523ceb4abad8d45ac850dde) Importer(815301076,1909f56bfc062723c751e8b465ee728b)  -> (artifact id: '450412c1516d7cc37c1d5be7155833fb') in 0.005075 seconds
Number of updated asset objects reloaded before import = 0
Number of asset objects unloaded after import = 3
========================================================================
Received Import Request.
  Time since last request: 0.000020 seconds.
  path: Assets/Tileset/16x16Tiles_35.asset
  artifactKey: Guid(186849ff1597b7a49922efe2f13d7a0b) Importer(815301076,1909f56bfc062723c751e8b465ee728b)
Start importing Assets/Tileset/16x16Tiles_35.asset using Guid(186849ff1597b7a49922efe2f13d7a0b) Importer(815301076,1909f56bfc062723c751e8b465ee728b)  -> (artifact id: 'db43fff9317c96a7c81b6ea04b59b236') in 0.008642 seconds
Number of updated asset objects reloaded before import = 0
Number of asset objects unloaded after import = 3
========================================================================
Received Import Request.
  Time since last request: 0.000013 seconds.
  path: Assets/Tileset/16x16Tiles_20.asset
  artifactKey: Guid(b6f4e95d916aa4f4c96d5f673303f288) Importer(815301076,1909f56bfc062723c751e8b465ee728b)
Start importing Assets/Tileset/16x16Tiles_20.asset using Guid(b6f4e95d916aa4f4c96d5f673303f288) Importer(815301076,1909f56bfc062723c751e8b465ee728b)  -> (artifact id: '655ed5c5bb0bb712c9b1627d203f9fd8') in 0.009183 seconds
Number of updated asset objects reloaded before import = 0
Number of asset objects unloaded after import = 3
========================================================================
Received Import Request.
  Time since last request: 0.000014 seconds.
  path: Assets/Tileset/16x16Tiles_15.asset
  artifactKey: Guid(50c1fd35dc3c5cd4bb75cf06593b32a1) Importer(815301076,1909f56bfc062723c751e8b465ee728b)
Start importing Assets/Tileset/16x16Tiles_15.asset using Guid(50c1fd35dc3c5cd4bb75cf06593b32a1) Importer(815301076,1909f56bfc062723c751e8b465ee728b)  -> (artifact id: '6fe7a92bd650f3a7ea141b5630360800') in 0.007627 seconds
Number of updated asset objects reloaded before import = 0
Number of asset objects unloaded after import = 3
========================================================================
Received Import Request.
  Time since last request: 0.000016 seconds.
  path: Assets/Tileset/16x16Tiles_27.asset
  artifactKey: Guid(97c82c9d0475144499f9ea36589aa83a) Importer(815301076,1909f56bfc062723c751e8b465ee728b)
Start importing Assets/Tileset/16x16Tiles_27.asset using Guid(97c82c9d0475144499f9ea36589aa83a) Importer(815301076,1909f56bfc062723c751e8b465ee728b)  -> (artifact id: '79fca9b1262ce3dd72dd474a85c648d9') in 0.008146 seconds
Number of updated asset objects reloaded before import = 0
Number of asset objects unloaded after import = 3
========================================================================
Received Import Request.
  Time since last request: 0.000016 seconds.
  path: Assets/Tileset/16x16Tiles_31.asset
  artifactKey: Guid(0c8ad403a4b935146bee9da828e47d58) Importer(815301076,1909f56bfc062723c751e8b465ee728b)
Start importing Assets/Tileset/16x16Tiles_31.asset using Guid(0c8ad403a4b935146bee9da828e47d58) Importer(815301076,1909f56bfc062723c751e8b465ee728b)  -> (artifact id: '63ad0ee1d9e2082d44ee12ebc59c085a') in 0.006770 seconds
Number of updated asset objects reloaded before import = 0
Number of asset objects unloaded after import = 3
========================================================================
Received Import Request.
  Time since last request: 0.000022 seconds.
  path: Assets/Tileset/16x16Tiles_11.asset
  artifactKey: Guid(c68f1bbc998ba1e42a5d4408739caad5) Importer(815301076,1909f56bfc062723c751e8b465ee728b)
Start importing Assets/Tileset/16x16Tiles_11.asset using Guid(c68f1bbc998ba1e42a5d4408739caad5) Importer(815301076,1909f56bfc062723c751e8b465ee728b)  -> (artifact id: 'f78c8e66ff4953254dda8c705feba222') in 0.008584 seconds
Number of updated asset objects reloaded before import = 0
Number of asset objects unloaded after import = 3
========================================================================
Received Import Request.
  Time since last request: 0.000028 seconds.
  path: Assets/Tileset/16x16Tiles_40.asset
  artifactKey: Guid(2e9c26ca57b2db24ab9cdeaf4103af0f) Importer(815301076,1909f56bfc062723c751e8b465ee728b)
Start importing Assets/Tileset/16x16Tiles_40.asset using Guid(2e9c26ca57b2db24ab9cdeaf4103af0f) Importer(815301076,1909f56bfc062723c751e8b465ee728b)  -> (artifact id: '1bada2a085315bc4e552dfb2b2a30513') in 0.011654 seconds
Number of updated asset objects reloaded before import = 0
Number of asset objects unloaded after import = 3
========================================================================
Received Import Request.
  Time since last request: 0.000017 seconds.
  path: Assets/Tileset/16x16Tiles_36.asset
  artifactKey: Guid(020df8772ec4980459585f342871d1d9) Importer(815301076,1909f56bfc062723c751e8b465ee728b)
Start importing Assets/Tileset/16x16Tiles_36.asset using Guid(020df8772ec4980459585f342871d1d9) Importer(815301076,1909f56bfc062723c751e8b465ee728b)  -> (artifact id: 'f0c5b45f6aebbc9ab4238b392bc9472d') in 0.007389 seconds
Number of updated asset objects reloaded before import = 0
Number of asset objects unloaded after import = 3
========================================================================
Received Import Request.
  Time since last request: 0.000014 seconds.
  path: Assets/Tileset/16x16Tiles_32.asset
  artifactKey: Guid(2fd175fec19921340b9ef74047180e2c) Importer(815301076,1909f56bfc062723c751e8b465ee728b)
Start importing Assets/Tileset/16x16Tiles_32.asset using Guid(2fd175fec19921340b9ef74047180e2c) Importer(815301076,1909f56bfc062723c751e8b465ee728b)  -> (artifact id: 'cb0180df389bab0ce642f6a6b9176f0f') in 0.006689 seconds
Number of updated asset objects reloaded before import = 0
Number of asset objects unloaded after import = 3
========================================================================
Received Import Request.
  Time since last request: 0.000035 seconds.
  path: Assets/Tileset/16x16Tiles_10.asset
  artifactKey: Guid(50d36bdfa7ebf604b989ebc3e386ab6d) Importer(815301076,1909f56bfc062723c751e8b465ee728b)
Start importing Assets/Tileset/16x16Tiles_10.asset using Guid(50d36bdfa7ebf604b989ebc3e386ab6d) Importer(815301076,1909f56bfc062723c751e8b465ee728b)  -> (artifact id: '115a5a732c6adc181f574741ea96fa0f') in 0.008313 seconds
Number of updated asset objects reloaded before import = 0
Number of asset objects unloaded after import = 3
========================================================================
Received Import Request.
  Time since last request: 0.000018 seconds.
  path: Assets/Tileset/16x16Tiles_4.asset
  artifactKey: Guid(868def944f42f7d40859fdeb3fa1cab4) Importer(815301076,1909f56bfc062723c751e8b465ee728b)
Start importing Assets/Tileset/16x16Tiles_4.asset using Guid(868def944f42f7d40859fdeb3fa1cab4) Importer(815301076,1909f56bfc062723c751e8b465ee728b)  -> (artifact id: '659c582ec621484d877fb2ab481f5b18') in 0.012691 seconds
Number of updated asset objects reloaded before import = 0
Number of asset objects unloaded after import = 3
========================================================================
Received Import Request.
  Time since last request: 0.000015 seconds.
  path: Assets/Tileset/16x16Tiles_8.asset
  artifactKey: Guid(51eec77d033e6fd41adf2b8362c8ae38) Importer(815301076,1909f56bfc062723c751e8b465ee728b)
Start importing Assets/Tileset/16x16Tiles_8.asset using Guid(51eec77d033e6fd41adf2b8362c8ae38) Importer(815301076,1909f56bfc062723c751e8b465ee728b)  -> (artifact id: 'da09c13fa22ee7be5bb4cccc64906e00') in 0.004723 seconds
Number of updated asset objects reloaded before import = 0
Number of asset objects unloaded after import = 3
========================================================================
Received Import Request.
  Time since last request: 9.574163 seconds.
  path: Assets/Sprites/aaa.png
  artifactKey: Guid(55971ff800352604a98da34af148b4b5) Importer(815301076,1909f56bfc062723c751e8b465ee728b)
Start importing Assets/Sprites/aaa.png using Guid(55971ff800352604a98da34af148b4b5) Importer(815301076,1909f56bfc062723c751e8b465ee728b)  -> (artifact id: '2849aeb95eef31f968db8aa31318bc2e') in 0.041124 seconds
Number of updated asset objects reloaded before import = 0
Number of asset objects unloaded after import = 3
========================================================================
Received Import Request.
  Time since last request: 0.000013 seconds.
  path: Assets/Sprites/ufySKE5.png
  artifactKey: Guid(8b170dad34b0a544dae4739e0e3b3ba0) Importer(815301076,1909f56bfc062723c751e8b465ee728b)
Start importing Assets/Sprites/ufySKE5.png using Guid(8b170dad34b0a544dae4739e0e3b3ba0) Importer(815301076,1909f56bfc062723c751e8b465ee728b)  -> (artifact id: '8a2e65d97920850ac4381b2b013c311f') in 0.020946 seconds
Number of updated asset objects reloaded before import = 0
Number of asset objects unloaded after import = 3
========================================================================
Received Import Request.
  Time since last request: 0.000023 seconds.
  path: Assets/Sprites/plate.psd
  artifactKey: Guid(696f15fe7c4f888478f5f3b1c13ab8c1) Importer(815301076,1909f56bfc062723c751e8b465ee728b)
Start importing Assets/Sprites/plate.psd using Guid(696f15fe7c4f888478f5f3b1c13ab8c1) Importer(815301076,1909f56bfc062723c751e8b465ee728b)  -> (artifact id: '4c816ff0abd764fd386ec482e2d9be96') in 0.064772 seconds
Number of updated asset objects reloaded before import = 0
Number of asset objects unloaded after import = 3
========================================================================
Received Import Request.
  Time since last request: 0.000043 seconds.
  path: Assets/Sprites/zerox6.gif
  artifactKey: Guid(f7f25277024f14549bb0bb30a4f13ee5) Importer(815301076,1909f56bfc062723c751e8b465ee728b)
Start importing Assets/Sprites/zerox6.gif using Guid(f7f25277024f14549bb0bb30a4f13ee5) Importer(815301076,1909f56bfc062723c751e8b465ee728b)  -> (artifact id: '503547ce9753b1c003fc8ca118d5267f') in 0.497793 seconds
Number of updated asset objects reloaded before import = 0
Number of asset objects unloaded after import = 165
Editor requested this worker to shutdown with reason: Scaling down because of idle timeout
TcpMessagingSession - receive error
AssetImportWorkerClient::OnTransportError - code=2 error=End of file
AssetImportWorker is now disconnected from the server
Process exiting
Exiting without the bug reporter. Application will terminate with return code 0