Using pre-set license
Built from '2022.3/staging' branch; Version is '2022.3.19f1 (244b723c30a6) revision 2378610'; Using compiler version '192829333'; Build Type 'Release'
OS: 'Windows 10  (10.0.19045) 64bit Professional' Language: 'en' Physical Memory: 24518 MB
BatchMode: 1, IsHumanControllingUs: 0, StartBugReporterOnCrash: 0, Is64bit: 1, IsPro: 1

COMMAND LINE ARGUMENTS:
C:\Program Files\Unity\Hub\Editor\2022.3.19f1\Editor\Unity.exe
-adb2
-batchMode
-noUpm
-name
AssetImportWorker2
-projectPath
C:/Users/Enzo/Documents/GitHub/MegamanRemix
-logFile
Logs/AssetImportWorker2.log
-srvPort
53427
Successfully changed project path to: C:/Users/Enzo/Documents/GitHub/MegamanRemix
C:/Users/Enzo/Documents/GitHub/MegamanRemix
[UnityMemory] Configuration Parameters - Can be set up in boot.config
    "memorysetup-bucket-allocator-granularity=16"
    "memorysetup-bucket-allocator-bucket-count=8"
    "memorysetup-bucket-allocator-block-size=33554432"
    "memorysetup-bucket-allocator-block-count=8"
    "memorysetup-main-allocator-block-size=16777216"
    "memorysetup-thread-allocator-block-size=16777216"
    "memorysetup-gfx-main-allocator-block-size=16777216"
    "memorysetup-gfx-thread-allocator-block-size=16777216"
    "memorysetup-cache-allocator-block-size=4194304"
    "memorysetup-typetree-allocator-block-size=2097152"
    "memorysetup-profiler-bucket-allocator-granularity=16"
    "memorysetup-profiler-bucket-allocator-bucket-count=8"
    "memorysetup-profiler-bucket-allocator-block-size=33554432"
    "memorysetup-profiler-bucket-allocator-block-count=8"
    "memorysetup-profiler-allocator-block-size=16777216"
    "memorysetup-profiler-editor-allocator-block-size=1048576"
    "memorysetup-temp-allocator-size-main=16777216"
    "memorysetup-job-temp-allocator-block-size=2097152"
    "memorysetup-job-temp-allocator-block-size-background=1048576"
    "memorysetup-job-temp-allocator-reduction-small-platforms=262144"
    "memorysetup-allocator-temp-initial-block-size-main=262144"
    "memorysetup-allocator-temp-initial-block-size-worker=262144"
    "memorysetup-temp-allocator-size-background-worker=32768"
    "memorysetup-temp-allocator-size-job-worker=262144"
    "memorysetup-temp-allocator-size-preload-manager=33554432"
    "memorysetup-temp-allocator-size-nav-mesh-worker=65536"
    "memorysetup-temp-allocator-size-audio-worker=65536"
    "memorysetup-temp-allocator-size-cloud-worker=32768"
    "memorysetup-temp-allocator-size-gi-baking-worker=262144"
    "memorysetup-temp-allocator-size-gfx=262144"
Player connection [16168] Host "[IP] 192.168.15.9 [Port] 0 [Flags] 2 [Guid] 3929769876 [EditorId] 3929769876 [Version] 1048832 [Id] WindowsEditor(7,DESKTOP-TSGC8DB) [Debug] 1 [PackageName] WindowsEditor [ProjectName] Editor" joined multi-casting on [225.0.0.222:54997]...

Player connection [16168] Host "[IP] 192.168.15.9 [Port] 0 [Flags] 2 [Guid] 3929769876 [EditorId] 3929769876 [Version] 1048832 [Id] WindowsEditor(7,DESKTOP-TSGC8DB) [Debug] 1 [PackageName] WindowsEditor [ProjectName] Editor" joined alternative multi-casting on [225.0.0.222:34997]...

[Physics::Module] Initialized MultithreadedJobDispatcher with 5 workers.
Refreshing native plugins compatible for Editor in 5.45 ms, found 0 plugins.
Preloading 0 native plugins for Editor in 0.00 ms.
Initialize engine version: 2022.3.19f1 (244b723c30a6)
[Subsystems] Discovering subsystems at path C:/Program Files/Unity/Hub/Editor/2022.3.19f1/Editor/Data/Resources/UnitySubsystems
[Subsystems] Discovering subsystems at path C:/Users/Enzo/Documents/GitHub/MegamanRemix/Assets
GfxDevice: creating device client; threaded=0; jobified=0
Direct3D:
    Version:  Direct3D 11.0 [level 11.1]
    Renderer: NVIDIA GeForce RTX 2060 (ID=0x1e89)
    Vendor:   NVIDIA
    VRAM:     5945 MB
    Driver:   32.0.15.6094
Initialize mono
Mono path[0] = 'C:/Program Files/Unity/Hub/Editor/2022.3.19f1/Editor/Data/Managed'
Mono path[1] = 'C:/Program Files/Unity/Hub/Editor/2022.3.19f1/Editor/Data/MonoBleedingEdge/lib/mono/unityjit-win32'
Mono config path = 'C:/Program Files/Unity/Hub/Editor/2022.3.19f1/Editor/Data/MonoBleedingEdge/etc'
Using monoOptions --debugger-agent=transport=dt_socket,embedding=1,server=y,suspend=n,address=127.0.0.1:56548
Begin MonoManager ReloadAssembly
Registering precompiled unity dll's ...
Register platform support module: C:/Program Files/Unity/Hub/Editor/2022.3.19f1/Editor/Data/PlaybackEngines/WindowsStandaloneSupport/UnityEditor.WindowsStandalone.Extensions.dll
Registered in 0.009208 seconds.
- Loaded All Assemblies, in  0.419 seconds
Native extension for WindowsStandalone target not found
Mono: successfully reloaded assembly
- Finished resetting the current domain, in  0.264 seconds
Domain Reload Profiling: 681ms
	BeginReloadAssembly (174ms)
		ExecutionOrderSort (0ms)
		DisableScriptedObjects (0ms)
		BackupInstance (0ms)
		ReleaseScriptingObjects (0ms)
		CreateAndSetChildDomain (1ms)
	RebuildCommonClasses (34ms)
	RebuildNativeTypeToScriptingClass (11ms)
	initialDomainReloadingComplete (59ms)
	LoadAllAssembliesAndSetupDomain (139ms)
		LoadAssemblies (171ms)
		RebuildTransferFunctionScriptingTraits (0ms)
		AnalyzeDomain (137ms)
			TypeCache.Refresh (136ms)
				TypeCache.ScanAssembly (122ms)
			ScanForSourceGeneratedMonoScriptInfo (0ms)
			ResolveRequiredComponents (0ms)
	FinalizeReload (264ms)
		ReleaseScriptCaches (0ms)
		RebuildScriptCaches (0ms)
		SetupLoadedEditorAssemblies (205ms)
			LogAssemblyErrors (0ms)
			InitializePlatformSupportModulesInManaged (10ms)
			SetLoadedEditorAssemblies (7ms)
			RefreshPlugins (0ms)
			BeforeProcessingInitializeOnLoad (3ms)
			ProcessInitializeOnLoadAttributes (141ms)
			ProcessInitializeOnLoadMethodAttributes (43ms)
			AfterProcessingInitializeOnLoad (0ms)
			EditorAssembliesLoaded (0ms)
		ExecutionOrderSort2 (0ms)
		AwakeInstancesAfterBackupRestoration (0ms)
========================================================================
Worker process is ready to serve import requests
Begin MonoManager ReloadAssembly
- Loaded All Assemblies, in  0.557 seconds
Refreshing native plugins compatible for Editor in 2.37 ms, found 0 plugins.
Native extension for WindowsStandalone target not found
Mono: successfully reloaded assembly
- Finished resetting the current domain, in  0.477 seconds
Domain Reload Profiling: 1029ms
	BeginReloadAssembly (200ms)
		ExecutionOrderSort (0ms)
		DisableScriptedObjects (9ms)
		BackupInstance (0ms)
		ReleaseScriptingObjects (0ms)
		CreateAndSetChildDomain (28ms)
	RebuildCommonClasses (41ms)
	RebuildNativeTypeToScriptingClass (13ms)
	initialDomainReloadingComplete (57ms)
	LoadAllAssembliesAndSetupDomain (241ms)
		LoadAssemblies (287ms)
		RebuildTransferFunctionScriptingTraits (0ms)
		AnalyzeDomain (70ms)
			TypeCache.Refresh (60ms)
				TypeCache.ScanAssembly (47ms)
			ScanForSourceGeneratedMonoScriptInfo (7ms)
			ResolveRequiredComponents (3ms)
	FinalizeReload (477ms)
		ReleaseScriptCaches (0ms)
		RebuildScriptCaches (0ms)
		SetupLoadedEditorAssemblies (304ms)
			LogAssemblyErrors (0ms)
			InitializePlatformSupportModulesInManaged (11ms)
			SetLoadedEditorAssemblies (3ms)
			RefreshPlugins (0ms)
			BeforeProcessingInitializeOnLoad (59ms)
			ProcessInitializeOnLoadAttributes (188ms)
			ProcessInitializeOnLoadMethodAttributes (34ms)
			AfterProcessingInitializeOnLoad (9ms)
			EditorAssembliesLoaded (0ms)
		ExecutionOrderSort2 (0ms)
		AwakeInstancesAfterBackupRestoration (8ms)
Launched and connected shader compiler UnityShaderCompiler.exe after 0.15 seconds
Refreshing native plugins compatible for Editor in 4.13 ms, found 0 plugins.
Preloading 0 native plugins for Editor in 0.00 ms.
Unloading 1165 Unused Serialized files (Serialized files now loaded: 0)
Unloading 28 unused Assets / (56.5 KB). Loaded Objects now: 1633.
Memory consumption went from 78.8 MB to 78.8 MB.
Total: 7.236100 ms (FindLiveObjects: 0.186300 ms CreateObjectMapping: 0.078700 ms MarkObjects: 6.868100 ms  DeleteObjects: 0.101700 ms)

AssetImportParameters requested are different than current active one (requested -> active):
  custom:video-encoder-webm-vp8: eb34c28f22e8b96e1ab97ce403110664 -> 
  custom:video-decoder-webm-vp8: 9c59270c3fd7afecdb556c50c9e8de78 -> 
  custom:audio-decoder-ogg-vorbis: bf7c407c2cedff20999df2af8eb42d56 -> 
  custom:SearchIndexIgnoredProperties: e643bd26f0fe6173181afceb89e7c659 -> 
  custom:container-demuxer-ogg: 62fdf1f143b41e24485cea50d1cbac27 -> 
  custom:AudioImporter_EditorPlatform: d09bf68614088b80899f8185d706f6e7 -> 
  custom:CustomObjectIndexerAttribute: 6d391050e5a25f67b0a2c618074f2cd9 -> 
  custom:container-demuxer-webm: 4f35f7cbe854078d1ac9338744f61a02 -> 
  custom:video-decoder-ogg-theora: a1e56fd34408186e4bbccfd4996cb3dc -> 
  custom:audio-encoder-webm-vorbis: bf7c407c2cedff20999df2af8eb42d56 -> 
  custom:framework-win-MediaFoundation: 216162199b28c13a410421893ffa2e32 -> 
  custom:container-muxer-webm: aa71ff27fc2769a1b78a27578f13a17b -> 
========================================================================
Received Import Request.
  Time since last request: 203646.929378 seconds.
  path: Assets/LightweightRenderPipelineAsset.asset
  artifactKey: Guid(1f2593a23deb33d45995c0f33e1e0914) Importer(815301076,1909f56bfc062723c751e8b465ee728b)
Start importing Assets/LightweightRenderPipelineAsset.asset using Guid(1f2593a23deb33d45995c0f33e1e0914) Importer(815301076,1909f56bfc062723c751e8b465ee728b)  -> (artifact id: '68e462e1ff8d723dcab6b0dcc7177a5b') in 0.004129 seconds
Number of updated asset objects reloaded before import = 0
Number of asset objects unloaded after import = 0
========================================================================
Received Import Request.
  Time since last request: 0.000438 seconds.
  path: Assets/car.png
  artifactKey: Guid(9116e76985d3c2e4abe20c5fe9058b17) Importer(815301076,1909f56bfc062723c751e8b465ee728b)
Start importing Assets/car.png using Guid(9116e76985d3c2e4abe20c5fe9058b17) Importer(815301076,1909f56bfc062723c751e8b465ee728b)  -> (artifact id: '78fd84506dd1a38c569fa59b676d0892') in 0.093968 seconds
Number of updated asset objects reloaded before import = 0
Number of asset objects unloaded after import = 3
========================================================================
Received Import Request.
  Time since last request: 519.091377 seconds.
  path: Assets/scene1.unity
  artifactKey: Guid(207a321c4565cd04f885f5acb213df01) Importer(815301076,1909f56bfc062723c751e8b465ee728b)
Start importing Assets/scene1.unity using Guid(207a321c4565cd04f885f5acb213df01) Importer(815301076,1909f56bfc062723c751e8b465ee728b)  -> (artifact id: '03d951027e61781b7135da553a5ea39e') in 0.000888 seconds
Number of updated asset objects reloaded before import = 0
Number of asset objects unloaded after import = 0
========================================================================
Received Import Request.
  Time since last request: 6.107334 seconds.
  path: Assets/Scenes
  artifactKey: Guid(5aba54cc10b3f96468314d1ca6c511b6) Importer(815301076,1909f56bfc062723c751e8b465ee728b)
Start importing Assets/Scenes using Guid(5aba54cc10b3f96468314d1ca6c511b6) Importer(815301076,1909f56bfc062723c751e8b465ee728b)  -> (artifact id: '02e6df2e902cbae1df74a95bb4ce686b') in 0.000690 seconds
Number of updated asset objects reloaded before import = 0
Number of asset objects unloaded after import = 0
========================================================================
Received Import Request.
  Time since last request: 1.158756 seconds.
  path: Assets/Scenes/Intro.unity
  artifactKey: Guid(065912ff0bec8c04ca7b2611667cb45d) Importer(815301076,1909f56bfc062723c751e8b465ee728b)
Start importing Assets/Scenes/Intro.unity using Guid(065912ff0bec8c04ca7b2611667cb45d) Importer(815301076,1909f56bfc062723c751e8b465ee728b)  -> (artifact id: '48528027dc9624cc28a1550fd639a2b9') in 0.000579 seconds
Number of updated asset objects reloaded before import = 0
Number of asset objects unloaded after import = 0
========================================================================
Received Import Request.
  Time since last request: 1.300599 seconds.
  path: Assets/Scenes/Level1.unity
  artifactKey: Guid(244e5c576497b47449fdbcf67d4ae716) Importer(815301076,1909f56bfc062723c751e8b465ee728b)
Start importing Assets/Scenes/Level1.unity using Guid(244e5c576497b47449fdbcf67d4ae716) Importer(815301076,1909f56bfc062723c751e8b465ee728b)  -> (artifact id: 'f77d3bbd643b3e8ca434a208ea2441cc') in 0.000562 seconds
Number of updated asset objects reloaded before import = 0
Number of asset objects unloaded after import = 0
========================================================================
Received Import Request.
  Time since last request: 1.120648 seconds.
  path: Assets/Scenes/Loading.unity
  artifactKey: Guid(8d07fc66850befb429d7c1aa13f14fe4) Importer(815301076,1909f56bfc062723c751e8b465ee728b)
Start importing Assets/Scenes/Loading.unity using Guid(8d07fc66850befb429d7c1aa13f14fe4) Importer(815301076,1909f56bfc062723c751e8b465ee728b)  -> (artifact id: '8562f2f0d0a7b057f47a0ec76d5ab114') in 0.000809 seconds
Number of updated asset objects reloaded before import = 0
Number of asset objects unloaded after import = 0
========================================================================
Received Import Request.
  Time since last request: 6.046094 seconds.
  path: Assets/Scenes/LEVELF.unity
  artifactKey: Guid(4c1f85e1a96c8bb45b2e650b356aa598) Importer(815301076,1909f56bfc062723c751e8b465ee728b)
Start importing Assets/Scenes/LEVELF.unity using Guid(4c1f85e1a96c8bb45b2e650b356aa598) Importer(815301076,1909f56bfc062723c751e8b465ee728b)  -> (artifact id: '0b1b5a57f73356b6e33b6d9a789e0957') in 0.000431 seconds
Number of updated asset objects reloaded before import = 0
Number of asset objects unloaded after import = 0
========================================================================
Received Prepare
Begin MonoManager ReloadAssembly
- Loaded All Assemblies, in  0.358 seconds
Refreshing native plugins compatible for Editor in 2.16 ms, found 0 plugins.
Native extension for WindowsStandalone target not found
Mono: successfully reloaded assembly
- Finished resetting the current domain, in  0.504 seconds
Domain Reload Profiling: 859ms
	BeginReloadAssembly (156ms)
		ExecutionOrderSort (0ms)
		DisableScriptedObjects (7ms)
		BackupInstance (0ms)
		ReleaseScriptingObjects (0ms)
		CreateAndSetChildDomain (25ms)
	RebuildCommonClasses (33ms)
	RebuildNativeTypeToScriptingClass (11ms)
	initialDomainReloadingComplete (31ms)
	LoadAllAssembliesAndSetupDomain (123ms)
		LoadAssemblies (211ms)
		RebuildTransferFunctionScriptingTraits (0ms)
		AnalyzeDomain (7ms)
			TypeCache.Refresh (4ms)
				TypeCache.ScanAssembly (0ms)
			ScanForSourceGeneratedMonoScriptInfo (0ms)
			ResolveRequiredComponents (2ms)
	FinalizeReload (505ms)
		ReleaseScriptCaches (0ms)
		RebuildScriptCaches (0ms)
		SetupLoadedEditorAssemblies (229ms)
			LogAssemblyErrors (0ms)
			InitializePlatformSupportModulesInManaged (6ms)
			SetLoadedEditorAssemblies (3ms)
			RefreshPlugins (0ms)
			BeforeProcessingInitializeOnLoad (49ms)
			ProcessInitializeOnLoadAttributes (139ms)
			ProcessInitializeOnLoadMethodAttributes (23ms)
			AfterProcessingInitializeOnLoad (9ms)
			EditorAssembliesLoaded (0ms)
		ExecutionOrderSort2 (0ms)
		AwakeInstancesAfterBackupRestoration (6ms)
Refreshing native plugins compatible for Editor in 2.02 ms, found 0 plugins.
Preloading 0 native plugins for Editor in 0.00 ms.
Unloading 1158 Unused Serialized files (Serialized files now loaded: 0)
Unloading 18 unused Assets / (28.5 KB). Loaded Objects now: 1642.
Memory consumption went from 83.8 MB to 83.7 MB.
Total: 2.288400 ms (FindLiveObjects: 0.116400 ms CreateObjectMapping: 0.035900 ms MarkObjects: 2.098300 ms  DeleteObjects: 0.037000 ms)

Prepare: number of updated asset objects reloaded= 0
AssetImportParameters requested are different than current active one (requested -> active):
  custom:video-encoder-webm-vp8: eb34c28f22e8b96e1ab97ce403110664 -> 
  custom:video-decoder-webm-vp8: 9c59270c3fd7afecdb556c50c9e8de78 -> 
  custom:audio-decoder-ogg-vorbis: bf7c407c2cedff20999df2af8eb42d56 -> 
  custom:SearchIndexIgnoredProperties: e643bd26f0fe6173181afceb89e7c659 -> 
  custom:container-demuxer-ogg: 62fdf1f143b41e24485cea50d1cbac27 -> 
  custom:AudioImporter_EditorPlatform: d09bf68614088b80899f8185d706f6e7 -> 
  custom:CustomObjectIndexerAttribute: 6d391050e5a25f67b0a2c618074f2cd9 -> 
  custom:container-demuxer-webm: 4f35f7cbe854078d1ac9338744f61a02 -> 
  custom:video-decoder-ogg-theora: a1e56fd34408186e4bbccfd4996cb3dc -> 
  custom:audio-encoder-webm-vorbis: bf7c407c2cedff20999df2af8eb42d56 -> 
  custom:framework-win-MediaFoundation: 216162199b28c13a410421893ffa2e32 -> 
  custom:container-muxer-webm: aa71ff27fc2769a1b78a27578f13a17b -> 
========================================================================
Received Import Request.
  Time since last request: 6229.461745 seconds.
  path: Assets/Tileset
  artifactKey: Guid(c3eda5b67863e374084776b5ef076427) Importer(815301076,1909f56bfc062723c751e8b465ee728b)
Start importing Assets/Tileset using Guid(c3eda5b67863e374084776b5ef076427) Importer(815301076,1909f56bfc062723c751e8b465ee728b)  -> (artifact id: '7a06727d7f97c899ffa3a26f2850ab32') in 0.002463 seconds
Number of updated asset objects reloaded before import = 0
Number of asset objects unloaded after import = 0
========================================================================
Received Import Request.
  Time since last request: 0.046036 seconds.
  path: Assets/Tileset/16x16Tiles_0.asset
  artifactKey: Guid(1128c9544eeb1d445a491b614fed4f6a) Importer(815301076,1909f56bfc062723c751e8b465ee728b)
Start importing Assets/Tileset/16x16Tiles_0.asset using Guid(1128c9544eeb1d445a491b614fed4f6a) Importer(815301076,1909f56bfc062723c751e8b465ee728b)  -> (artifact id: '1a339fe5c6f755dcaab9d2bd704cc410') in 0.144524 seconds
Number of updated asset objects reloaded before import = 0
Number of asset objects unloaded after import = 3
========================================================================
Received Import Request.
  Time since last request: 0.001214 seconds.
  path: Assets/Tileset/16x16Tiles_12.asset
  artifactKey: Guid(979e143e16ea1d34185bd3061e9a0cc1) Importer(815301076,1909f56bfc062723c751e8b465ee728b)
Start importing Assets/Tileset/16x16Tiles_12.asset using Guid(979e143e16ea1d34185bd3061e9a0cc1) Importer(815301076,1909f56bfc062723c751e8b465ee728b)  -> (artifact id: '77cd65cef3c83918478dc1961b643471') in 0.009053 seconds
Number of updated asset objects reloaded before import = 0
Number of asset objects unloaded after import = 3
========================================================================
Received Import Request.
  Time since last request: 0.000474 seconds.
  path: Assets/Tileset/16x16Tiles_16.asset
  artifactKey: Guid(62c453d8c8be7a84f8cff6033bc6e9b4) Importer(815301076,1909f56bfc062723c751e8b465ee728b)
Start importing Assets/Tileset/16x16Tiles_16.asset using Guid(62c453d8c8be7a84f8cff6033bc6e9b4) Importer(815301076,1909f56bfc062723c751e8b465ee728b)  -> (artifact id: '366c0a28b3653038f27fce9f04cbe9d0') in 0.015444 seconds
Number of updated asset objects reloaded before import = 0
Number of asset objects unloaded after import = 3
========================================================================
Received Import Request.
  Time since last request: 0.001329 seconds.
  path: Assets/Tileset/16x16Tiles_29.asset
  artifactKey: Guid(f4650be3994810848bb2aa0da0cd6723) Importer(815301076,1909f56bfc062723c751e8b465ee728b)
Start importing Assets/Tileset/16x16Tiles_29.asset using Guid(f4650be3994810848bb2aa0da0cd6723) Importer(815301076,1909f56bfc062723c751e8b465ee728b)  -> (artifact id: 'cef7212ed79ac29384c47c332e5de990') in 0.012238 seconds
Number of updated asset objects reloaded before import = 0
Number of asset objects unloaded after import = 3
========================================================================
Received Import Request.
  Time since last request: 0.000737 seconds.
  path: Assets/Tileset/16x16Tiles_5.asset
  artifactKey: Guid(1785fd7f03d41534390b31a89e321828) Importer(815301076,1909f56bfc062723c751e8b465ee728b)
Start importing Assets/Tileset/16x16Tiles_5.asset using Guid(1785fd7f03d41534390b31a89e321828) Importer(815301076,1909f56bfc062723c751e8b465ee728b)  -> (artifact id: 'cda7522c7c74bcef416380cb1aa95436') in 0.020637 seconds
Number of updated asset objects reloaded before import = 0
Number of asset objects unloaded after import = 3
========================================================================
Received Import Request.
  Time since last request: 0.000013 seconds.
  path: Assets/Tileset/16x16Tiles_14.asset
  artifactKey: Guid(43e74c99b4394614aa97764dbeadead4) Importer(815301076,1909f56bfc062723c751e8b465ee728b)
Start importing Assets/Tileset/16x16Tiles_14.asset using Guid(43e74c99b4394614aa97764dbeadead4) Importer(815301076,1909f56bfc062723c751e8b465ee728b)  -> (artifact id: '4f854df2e014db3978fadcf5a5e6094a') in 0.012959 seconds
Number of updated asset objects reloaded before import = 0
Number of asset objects unloaded after import = 3
========================================================================
Received Import Request.
  Time since last request: 0.000017 seconds.
  path: Assets/Tileset/16x16Tiles_34.asset
  artifactKey: Guid(9d4bf6a7bfea5d04bba7720f45b5a7ba) Importer(815301076,1909f56bfc062723c751e8b465ee728b)
Start importing Assets/Tileset/16x16Tiles_34.asset using Guid(9d4bf6a7bfea5d04bba7720f45b5a7ba) Importer(815301076,1909f56bfc062723c751e8b465ee728b)  -> (artifact id: '1cc385df2bf990c7b9bf3a8d436d846b') in 0.007641 seconds
Number of updated asset objects reloaded before import = 0
Number of asset objects unloaded after import = 3
========================================================================
Received Import Request.
  Time since last request: 0.000013 seconds.
  path: Assets/Tileset/16x16Tiles_39.asset
  artifactKey: Guid(a85f6c493c96fef4a8ce91d19d2c8f1b) Importer(815301076,1909f56bfc062723c751e8b465ee728b)
Start importing Assets/Tileset/16x16Tiles_39.asset using Guid(a85f6c493c96fef4a8ce91d19d2c8f1b) Importer(815301076,1909f56bfc062723c751e8b465ee728b)  -> (artifact id: 'f0d27756bfd48da179718d017d933281') in 0.005805 seconds
Number of updated asset objects reloaded before import = 0
Number of asset objects unloaded after import = 3
========================================================================
Received Import Request.
  Time since last request: 0.000015 seconds.
  path: Assets/Tileset/16x16Tiles_23.asset
  artifactKey: Guid(33024ddee1dd75a4a95bf6610aab04f7) Importer(815301076,1909f56bfc062723c751e8b465ee728b)
Start importing Assets/Tileset/16x16Tiles_23.asset using Guid(33024ddee1dd75a4a95bf6610aab04f7) Importer(815301076,1909f56bfc062723c751e8b465ee728b)  -> (artifact id: 'f9a02527a2cd4e05bb4dbfccfae95d73') in 0.008350 seconds
Number of updated asset objects reloaded before import = 0
Number of asset objects unloaded after import = 3
========================================================================
Received Import Request.
  Time since last request: 0.000015 seconds.
  path: Assets/Tileset/16x16Tiles_2.asset
  artifactKey: Guid(14fbcc090eeaa9a4c887cd6693b45845) Importer(815301076,1909f56bfc062723c751e8b465ee728b)
Start importing Assets/Tileset/16x16Tiles_2.asset using Guid(14fbcc090eeaa9a4c887cd6693b45845) Importer(815301076,1909f56bfc062723c751e8b465ee728b)  -> (artifact id: '1843968403bbf4ca76becb04ce6e9c0c') in 0.006853 seconds
Number of updated asset objects reloaded before import = 0
Number of asset objects unloaded after import = 3
========================================================================
Received Import Request.
  Time since last request: 0.000017 seconds.
  path: Assets/Tileset/16x16Tiles_30.asset
  artifactKey: Guid(6e9f63683cc4b934896e3ad514387f07) Importer(815301076,1909f56bfc062723c751e8b465ee728b)
Start importing Assets/Tileset/16x16Tiles_30.asset using Guid(6e9f63683cc4b934896e3ad514387f07) Importer(815301076,1909f56bfc062723c751e8b465ee728b)  -> (artifact id: '5752c2ff309fa1c1d51a7bc15d75e3ef') in 0.005312 seconds
Number of updated asset objects reloaded before import = 0
Number of asset objects unloaded after import = 3
========================================================================
Received Import Request.
  Time since last request: 0.000532 seconds.
  path: Assets/Tileset/16x16Tiles_38.asset
  artifactKey: Guid(b928cb45c3dd1a64da9e51a8900ffcd0) Importer(815301076,1909f56bfc062723c751e8b465ee728b)
Start importing Assets/Tileset/16x16Tiles_38.asset using Guid(b928cb45c3dd1a64da9e51a8900ffcd0) Importer(815301076,1909f56bfc062723c751e8b465ee728b)  -> (artifact id: '66b2277a89d8d1b1432bf1efab2dc6d3') in 0.018698 seconds
Number of updated asset objects reloaded before import = 0
Number of asset objects unloaded after import = 3
========================================================================
Received Import Request.
  Time since last request: 0.000017 seconds.
  path: Assets/Tileset/16x16Tiles_9.asset
  artifactKey: Guid(d0b923911bb5e7f4698ab5e5be191e4c) Importer(815301076,1909f56bfc062723c751e8b465ee728b)
Start importing Assets/Tileset/16x16Tiles_9.asset using Guid(d0b923911bb5e7f4698ab5e5be191e4c) Importer(815301076,1909f56bfc062723c751e8b465ee728b)  -> (artifact id: 'e823cda21ee26374729d577039d8a591') in 0.009231 seconds
Number of updated asset objects reloaded before import = 0
Number of asset objects unloaded after import = 3
========================================================================
Received Import Request.
  Time since last request: 0.000015 seconds.
  path: Assets/Tileset/16x16Tiles_21.asset
  artifactKey: Guid(ddcd4dc7909ada647afedb82d9e42c0a) Importer(815301076,1909f56bfc062723c751e8b465ee728b)
Start importing Assets/Tileset/16x16Tiles_21.asset using Guid(ddcd4dc7909ada647afedb82d9e42c0a) Importer(815301076,1909f56bfc062723c751e8b465ee728b)  -> (artifact id: 'b9225b653d2bd03caf1946dea3d8aff4') in 0.009645 seconds
Number of updated asset objects reloaded before import = 0
Number of asset objects unloaded after import = 3
========================================================================
Received Import Request.
  Time since last request: 0.000016 seconds.
  path: Assets/Tileset/16x16Tiles_17.asset
  artifactKey: Guid(b603256c82cbd474eaad7549b0486e25) Importer(815301076,1909f56bfc062723c751e8b465ee728b)
Start importing Assets/Tileset/16x16Tiles_17.asset using Guid(b603256c82cbd474eaad7549b0486e25) Importer(815301076,1909f56bfc062723c751e8b465ee728b)  -> (artifact id: 'dd967e7b47c4005e48f998b60877bee5') in 0.005137 seconds
Number of updated asset objects reloaded before import = 0
Number of asset objects unloaded after import = 3
========================================================================
Received Import Request.
  Time since last request: 0.000016 seconds.
  path: Assets/Tileset/16x16Tiles_3.asset
  artifactKey: Guid(0a5149eb1fab00f4ca4c5ab393f40e2a) Importer(815301076,1909f56bfc062723c751e8b465ee728b)
Start importing Assets/Tileset/16x16Tiles_3.asset using Guid(0a5149eb1fab00f4ca4c5ab393f40e2a) Importer(815301076,1909f56bfc062723c751e8b465ee728b)  -> (artifact id: '3d9bedb593cda7eb8adf623f5fca3eeb') in 0.006213 seconds
Number of updated asset objects reloaded before import = 0
Number of asset objects unloaded after import = 3
========================================================================
Received Import Request.
  Time since last request: 0.000019 seconds.
  path: Assets/Tileset/16x16Tiles_24.asset
  artifactKey: Guid(8244a05308b02364b8b11f26a4f96500) Importer(815301076,1909f56bfc062723c751e8b465ee728b)
Start importing Assets/Tileset/16x16Tiles_24.asset using Guid(8244a05308b02364b8b11f26a4f96500) Importer(815301076,1909f56bfc062723c751e8b465ee728b)  -> (artifact id: 'a140a5bc467010b6b6921e7c18018eca') in 0.009051 seconds
Number of updated asset objects reloaded before import = 0
Number of asset objects unloaded after import = 3
========================================================================
Received Import Request.
  Time since last request: 9.576840 seconds.
  path: Assets/Sprites/4688531435_1d3d72d3ee_z.jpg
  artifactKey: Guid(43584791df11b884aa656aec1d5038c2) Importer(815301076,1909f56bfc062723c751e8b465ee728b)
Start importing Assets/Sprites/4688531435_1d3d72d3ee_z.jpg using Guid(43584791df11b884aa656aec1d5038c2) Importer(815301076,1909f56bfc062723c751e8b465ee728b)  -> (artifact id: 'ab1c510ad24625941f77398ea64461ce') in 0.059474 seconds
Number of updated asset objects reloaded before import = 0
Number of asset objects unloaded after import = 3
========================================================================
Received Import Request.
  Time since last request: 0.000017 seconds.
  path: Assets/Sprites/sprites1.png
  artifactKey: Guid(0c117d5029bb6cc45926c199295d5005) Importer(815301076,1909f56bfc062723c751e8b465ee728b)
Start importing Assets/Sprites/sprites1.png using Guid(0c117d5029bb6cc45926c199295d5005) Importer(815301076,1909f56bfc062723c751e8b465ee728b)  -> (artifact id: '4546a15c40a82390844fc4a6ac290ba6') in 0.238263 seconds
Number of updated asset objects reloaded before import = 0
Number of asset objects unloaded after import = 79
Editor requested this worker to shutdown with reason: Scaling down because of idle timeout
TcpMessagingSession - receive error
AssetImportWorkerClient::OnTransportError - code=2 error=End of file
AssetImportWorker is now disconnected from the server
Process exiting
Exiting without the bug reporter. Application will terminate with return code 0